  stdafx.cpp
  gameNode.cpp
  keyManager.cpp
  mainGame.cpp
c:\users\kga_13\desktop\수업\수업\200106\20200106 - 02\api_framework_5삼각함수 기본\maingame.cpp(19): warning C4305: '=': 'double'에서 'float'(으)로 잘립니다.
c:\users\kga_13\desktop\수업\수업\200106\20200106 - 02\api_framework_5삼각함수 기본\maingame.cpp(24): warning C4305: '=': 'double'에서 'float'(으)로 잘립니다.
c:\users\kga_13\desktop\수업\수업\200106\20200106 - 02\api_framework_5삼각함수 기본\maingame.cpp(29): warning C4305: '=': 'double'에서 'float'(으)로 잘립니다.
c:\users\kga_13\desktop\수업\수업\200106\20200106 - 02\api_framework_5삼각함수 기본\maingame.cpp(123): warning C4244: '=': 'float'에서 'LONG'(으)로 변환하면서 데이터가 손실될 수 있습니다.
c:\users\kga_13\desktop\수업\수업\200106\20200106 - 02\api_framework_5삼각함수 기본\maingame.cpp(124): warning C4244: '=': 'float'에서 'LONG'(으)로 변환하면서 데이터가 손실될 수 있습니다.
c:\users\kga_13\desktop\수업\수업\200106\20200106 - 02\api_framework_5삼각함수 기본\maingame.cpp(126): warning C4244: '=': 'float'에서 'LONG'(으)로 변환하면서 데이터가 손실될 수 있습니다.
c:\users\kga_13\desktop\수업\수업\200106\20200106 - 02\api_framework_5삼각함수 기본\maingame.cpp(127): warning C4244: '=': 'float'에서 'LONG'(으)로 변환하면서 데이터가 손실될 수 있습니다.
c:\users\kga_13\desktop\수업\수업\200106\20200106 - 02\api_framework_5삼각함수 기본\maingame.cpp(129): warning C4244: '=': 'float'에서 'LONG'(으)로 변환하면서 데이터가 손실될 수 있습니다.
c:\users\kga_13\desktop\수업\수업\200106\20200106 - 02\api_framework_5삼각함수 기본\maingame.cpp(130): warning C4244: '=': 'float'에서 'LONG'(으)로 변환하면서 데이터가 손실될 수 있습니다.
c:\users\kga_13\desktop\수업\수업\200106\20200106 - 02\api_framework_5삼각함수 기본\maingame.cpp(132): warning C4244: '=': 'float'에서 'LONG'(으)로 변환하면서 데이터가 손실될 수 있습니다.
c:\users\kga_13\desktop\수업\수업\200106\20200106 - 02\api_framework_5삼각함수 기본\maingame.cpp(133): warning C4244: '=': 'float'에서 'LONG'(으)로 변환하면서 데이터가 손실될 수 있습니다.
c:\users\kga_13\desktop\수업\수업\200106\20200106 - 02\api_framework_5삼각함수 기본\maingame.cpp(155): warning C4244: '인수': 'float'에서 'int'(으)로 변환하면서 데이터가 손실될 수 있습니다.
c:\users\kga_13\desktop\수업\수업\200106\20200106 - 02\api_framework_5삼각함수 기본\maingame.cpp(181): warning C4267: '인수': 'size_t'에서 'int'(으)로 변환하면서 데이터가 손실될 수 있습니다.
c:\users\kga_13\desktop\수업\수업\200106\20200106 - 02\api_framework_5삼각함수 기본\maingame.cpp(183): warning C4267: '인수': 'size_t'에서 'int'(으)로 변환하면서 데이터가 손실될 수 있습니다.
c:\users\kga_13\desktop\수업\수업\200106\20200106 - 02\api_framework_5삼각함수 기본\maingame.cpp(192): warning C4244: '=': 'LONG'에서 'float'(으)로 변환하면서 데이터가 손실될 수 있습니다.
c:\users\kga_13\desktop\수업\수업\200106\20200106 - 02\api_framework_5삼각함수 기본\maingame.cpp(193): warning C4244: '=': 'LONG'에서 'float'(으)로 변환하면서 데이터가 손실될 수 있습니다.
c:\users\kga_13\desktop\수업\수업\200106\20200106 - 02\api_framework_5삼각함수 기본\maingame.cpp(201): warning C4244: '=': 'LONG'에서 'float'(으)로 변환하면서 데이터가 손실될 수 있습니다.
c:\users\kga_13\desktop\수업\수업\200106\20200106 - 02\api_framework_5삼각함수 기본\maingame.cpp(202): warning C4244: '=': 'LONG'에서 'float'(으)로 변환하면서 데이터가 손실될 수 있습니다.
c:\users\kga_13\desktop\수업\수업\200106\20200106 - 02\api_framework_5삼각함수 기본\maingame.cpp(210): warning C4244: '=': 'LONG'에서 'float'(으)로 변환하면서 데이터가 손실될 수 있습니다.
c:\users\kga_13\desktop\수업\수업\200106\20200106 - 02\api_framework_5삼각함수 기본\maingame.cpp(211): warning C4244: '=': 'LONG'에서 'float'(으)로 변환하면서 데이터가 손실될 수 있습니다.
c:\users\kga_13\desktop\수업\수업\200106\20200106 - 02\api_framework_5삼각함수 기본\maingame.cpp(219): warning C4244: '=': 'LONG'에서 'float'(으)로 변환하면서 데이터가 손실될 수 있습니다.
c:\users\kga_13\desktop\수업\수업\200106\20200106 - 02\api_framework_5삼각함수 기본\maingame.cpp(220): warning C4244: '=': 'LONG'에서 'float'(으)로 변환하면서 데이터가 손실될 수 있습니다.
  Utils.cpp
c:\users\kga_13\desktop\수업\수업\200106\20200106 - 02\api_framework_5삼각함수 기본\utils.cpp(26): warning C4305: '-=': 'double'에서 'float'(으)로 잘립니다.
  winMain.cpp
c:\users\kga_13\desktop\수업\수업\200106\20200106 - 02\api_framework_5삼각함수 기본\winmain.cpp(122): warning C4244: 'return': 'WPARAM'에서 'int'(으)로 변환하면서 데이터가 손실될 수 있습니다.
  코드를 생성하고 있습니다...
  API_FrameWork.vcxproj -> C:\Users\KGA_13\Desktop\수업\수업\200106\20200106 - 02\API_FrameWork_5삼각함수 기본\x64\Debug\20200106 - 02.exe
