  stdafx.cpp
d:\study\kyungilclass\200110\20200110 - homework(circus)\20200110 - homework\image.h(132): warning C4244: '인수': 'float'에서 'int'(으)로 변환하면서 데이터가 손실될 수 있습니다.
  airHockey.cpp
d:\study\kyungilclass\200110\20200110 - homework(circus)\20200110 - homework\airhockey.cpp(24): warning C4244: '인수': 'float'에서 'int'(으)로 변환하면서 데이터가 손실될 수 있습니다.
d:\study\kyungilclass\200110\20200110 - homework(circus)\20200110 - homework\airhockey.cpp(30): warning C4244: '인수': 'float'에서 'int'(으)로 변환하면서 데이터가 손실될 수 있습니다.
d:\study\kyungilclass\200110\20200110 - homework(circus)\20200110 - homework\airhockey.cpp(35): warning C4244: '인수': 'float'에서 'int'(으)로 변환하면서 데이터가 손실될 수 있습니다.
d:\study\kyungilclass\200110\20200110 - homework(circus)\20200110 - homework\airhockey.cpp(74): warning C4244: '=': 'double'에서 'float'(으)로 변환하면서 데이터가 손실될 수 있습니다.
d:\study\kyungilclass\200110\20200110 - homework(circus)\20200110 - homework\airhockey.cpp(80): warning C4244: '=': 'double'에서 'float'(으)로 변환하면서 데이터가 손실될 수 있습니다.
d:\study\kyungilclass\200110\20200110 - homework(circus)\20200110 - homework\airhockey.cpp(122): warning C4244: '인수': 'float'에서 'int'(으)로 변환하면서 데이터가 손실될 수 있습니다.
d:\study\kyungilclass\200110\20200110 - homework(circus)\20200110 - homework\airhockey.cpp(125): warning C4244: '인수': 'float'에서 'int'(으)로 변환하면서 데이터가 손실될 수 있습니다.
d:\study\kyungilclass\200110\20200110 - homework(circus)\20200110 - homework\airhockey.cpp(129): warning C4267: '인수': 'size_t'에서 'int'(으)로 변환하면서 데이터가 손실될 수 있습니다.
d:\study\kyungilclass\200110\20200110 - homework(circus)\20200110 - homework\airhockey.cpp(131): warning C4267: '인수': 'size_t'에서 'int'(으)로 변환하면서 데이터가 손실될 수 있습니다.
d:\study\kyungilclass\200110\20200110 - homework(circus)\20200110 - homework\airhockey.cpp(160): warning C4244: '인수': 'float'에서 'int'(으)로 변환하면서 데이터가 손실될 수 있습니다.
d:\study\kyungilclass\200110\20200110 - homework(circus)\20200110 - homework\airhockey.cpp(167): warning C4244: '=': 'double'에서 'float'(으)로 변환하면서 데이터가 손실될 수 있습니다.
d:\study\kyungilclass\200110\20200110 - homework(circus)\20200110 - homework\airhockey.cpp(172): warning C4244: '=': 'double'에서 'float'(으)로 변환하면서 데이터가 손실될 수 있습니다.
d:\study\kyungilclass\200110\20200110 - homework(circus)\20200110 - homework\airhockey.cpp(178): warning C4244: '=': 'double'에서 'float'(으)로 변환하면서 데이터가 손실될 수 있습니다.
d:\study\kyungilclass\200110\20200110 - homework(circus)\20200110 - homework\airhockey.cpp(184): warning C4244: '=': 'double'에서 'float'(으)로 변환하면서 데이터가 손실될 수 있습니다.
  circus.cpp
d:\study\kyungilclass\200110\20200110 - homework(circus)\20200110 - homework\circus.cpp(481): warning C4267: '인수': 'size_t'에서 'int'(으)로 변환하면서 데이터가 손실될 수 있습니다.
d:\study\kyungilclass\200110\20200110 - homework(circus)\20200110 - homework\circus.cpp(486): warning C4267: '인수': 'size_t'에서 'int'(으)로 변환하면서 데이터가 손실될 수 있습니다.
d:\study\kyungilclass\200110\20200110 - homework(circus)\20200110 - homework\circus.cpp(491): warning C4267: '인수': 'size_t'에서 'int'(으)로 변환하면서 데이터가 손실될 수 있습니다.
  gameNode.cpp
  image.cpp
d:\study\kyungilclass\200110\20200110 - homework(circus)\20200110 - homework\image.cpp(115): warning C4267: '초기화 중': 'size_t'에서 'int'(으)로 변환하면서 데이터가 손실될 수 있습니다.
d:\study\kyungilclass\200110\20200110 - homework(circus)\20200110 - homework\image.cpp(177): warning C4267: '초기화 중': 'size_t'에서 'int'(으)로 변환하면서 데이터가 손실될 수 있습니다.
d:\study\kyungilclass\200110\20200110 - homework(circus)\20200110 - homework\image.cpp(214): warning C4244: '=': 'int'에서 'float'(으)로 변환하면서 데이터가 손실될 수 있습니다.
d:\study\kyungilclass\200110\20200110 - homework(circus)\20200110 - homework\image.cpp(215): warning C4244: '=': 'int'에서 'float'(으)로 변환하면서 데이터가 손실될 수 있습니다.
d:\study\kyungilclass\200110\20200110 - homework(circus)\20200110 - homework\image.cpp(241): warning C4267: '초기화 중': 'size_t'에서 'int'(으)로 변환하면서 데이터가 손실될 수 있습니다.
d:\study\kyungilclass\200110\20200110 - homework(circus)\20200110 - homework\image.cpp(565): warning C4244: '인수': 'float'에서 'int'(으)로 변환하면서 데이터가 손실될 수 있습니다.
d:\study\kyungilclass\200110\20200110 - homework(circus)\20200110 - homework\image.cpp(570): warning C4244: '인수': 'float'에서 'int'(으)로 변환하면서 데이터가 손실될 수 있습니다.
d:\study\kyungilclass\200110\20200110 - homework(circus)\20200110 - homework\image.cpp(576): warning C4244: '인수': 'float'에서 'int'(으)로 변환하면서 데이터가 손실될 수 있습니다.
  imageManager.cpp
d:\study\kyungilclass\200110\20200110 - homework(circus)\20200110 - homework\imagemanager.cpp(122): warning C4244: '인수': 'float'에서 'int'(으)로 변환하면서 데이터가 손실될 수 있습니다.
  keyManager.cpp
  mainGame.cpp
  minimap.cpp
d:\study\kyungilclass\200110\20200110 - homework(circus)\20200110 - homework\minimap.cpp(110): warning C4244: '인수': 'float'에서 'int'(으)로 변환하면서 데이터가 손실될 수 있습니다.
  utils.cpp
d:\study\kyungilclass\200110\20200110 - homework(circus)\20200110 - homework\utils.cpp(27): warning C4305: '-=': 'double'에서 'float'(으)로 잘립니다.
  winMain.cpp
d:\study\kyungilclass\200110\20200110 - homework(circus)\20200110 - homework\winmain.cpp(122): warning C4244: 'return': 'WPARAM'에서 'int'(으)로 변환하면서 데이터가 손실될 수 있습니다.
  코드를 생성하고 있습니다...
  LINK : D:\study\kyungilClass\200110\20200110 - homework(circus)\20200110 - homework\x64\Debug\20200110 - homework.exe을(를) 찾을 수 없거나 마지막 증분 링크에 의해 빌드되지 않았습니다. 전체 링크를 수행하고 있습니다.
  API_FrameWork.vcxproj -> D:\study\kyungilClass\200110\20200110 - homework(circus)\20200110 - homework\x64\Debug\20200110 - homework.exe
