  stdafx.cpp
d:\study\200115 ~ 200122 1주일 포폴\image.h(135): warning C4244: '인수': 'float'에서 'int'(으)로 변환하면서 데이터가 손실될 수 있습니다.
  blueMinion.cpp
d:\study\200115 ~ 200122 1주일 포폴\enemybase.h(33): warning C4244: 'return': 'LONG'에서 'float'(으)로 변환하면서 데이터가 손실될 수 있습니다.
d:\study\200115 ~ 200122 1주일 포폴\enemybase.h(34): warning C4244: 'return': 'LONG'에서 'float'(으)로 변환하면서 데이터가 손실될 수 있습니다.
d:\study\200115 ~ 200122 1주일 포폴\blueminion.cpp(31): warning C4244: '=': 'LONG'에서 'float'(으)로 변환하면서 데이터가 손실될 수 있습니다.
d:\study\200115 ~ 200122 1주일 포폴\blueminion.cpp(32): warning C4244: '=': 'LONG'에서 'float'(으)로 변환하면서 데이터가 손실될 수 있습니다.
  boss.cpp
d:\study\200115 ~ 200122 1주일 포폴\enemybase.h(33): warning C4244: 'return': 'LONG'에서 'float'(으)로 변환하면서 데이터가 손실될 수 있습니다.
d:\study\200115 ~ 200122 1주일 포폴\enemybase.h(34): warning C4244: 'return': 'LONG'에서 'float'(으)로 변환하면서 데이터가 손실될 수 있습니다.
d:\study\200115 ~ 200122 1주일 포폴\boss.cpp(31): warning C4244: '=': 'LONG'에서 'float'(으)로 변환하면서 데이터가 손실될 수 있습니다.
d:\study\200115 ~ 200122 1주일 포폴\boss.cpp(32): warning C4244: '=': 'LONG'에서 'float'(으)로 변환하면서 데이터가 손실될 수 있습니다.
  bulletManager.cpp
d:\study\200115 ~ 200122 1주일 포폴\enemybase.h(33): warning C4244: 'return': 'LONG'에서 'float'(으)로 변환하면서 데이터가 손실될 수 있습니다.
d:\study\200115 ~ 200122 1주일 포폴\enemybase.h(34): warning C4244: 'return': 'LONG'에서 'float'(으)로 변환하면서 데이터가 손실될 수 있습니다.
d:\study\200115 ~ 200122 1주일 포폴\bulletmanager.cpp(61): warning C4244: '=': 'float'에서 'LONG'(으)로 변환하면서 데이터가 손실될 수 있습니다.
d:\study\200115 ~ 200122 1주일 포폴\bulletmanager.cpp(62): warning C4244: '=': 'float'에서 'LONG'(으)로 변환하면서 데이터가 손실될 수 있습니다.
d:\study\200115 ~ 200122 1주일 포폴\bulletmanager.cpp(71): warning C4244: '=': 'LONG'에서 'float'(으)로 변환하면서 데이터가 손실될 수 있습니다.
d:\study\200115 ~ 200122 1주일 포폴\bulletmanager.cpp(72): warning C4244: '=': 'LONG'에서 'float'(으)로 변환하면서 데이터가 손실될 수 있습니다.
d:\study\200115 ~ 200122 1주일 포폴\bulletmanager.cpp(74): warning C4244: '인수': 'float'에서 'int'(으)로 변환하면서 데이터가 손실될 수 있습니다.
d:\study\200115 ~ 200122 1주일 포폴\bulletmanager.cpp(73): warning C4244: '인수': 'float'에서 'int'(으)로 변환하면서 데이터가 손실될 수 있습니다.
d:\study\200115 ~ 200122 1주일 포폴\bulletmanager.cpp(80): warning C4244: '=': 'float'에서 'LONG'(으)로 변환하면서 데이터가 손실될 수 있습니다.
d:\study\200115 ~ 200122 1주일 포폴\bulletmanager.cpp(81): warning C4244: '=': 'float'에서 'LONG'(으)로 변환하면서 데이터가 손실될 수 있습니다.
d:\study\200115 ~ 200122 1주일 포폴\bulletmanager.cpp(87): warning C4244: '=': 'float'에서 'LONG'(으)로 변환하면서 데이터가 손실될 수 있습니다.
d:\study\200115 ~ 200122 1주일 포폴\bulletmanager.cpp(88): warning C4244: '=': 'float'에서 'LONG'(으)로 변환하면서 데이터가 손실될 수 있습니다.
d:\study\200115 ~ 200122 1주일 포폴\bulletmanager.cpp(97): warning C4244: '=': 'LONG'에서 'float'(으)로 변환하면서 데이터가 손실될 수 있습니다.
d:\study\200115 ~ 200122 1주일 포폴\bulletmanager.cpp(98): warning C4244: '=': 'LONG'에서 'float'(으)로 변환하면서 데이터가 손실될 수 있습니다.
d:\study\200115 ~ 200122 1주일 포폴\bulletmanager.cpp(99): warning C4244: '인수': 'float'에서 'int'(으)로 변환하면서 데이터가 손실될 수 있습니다.
d:\study\200115 ~ 200122 1주일 포폴\bulletmanager.cpp(103): warning C4244: '=': 'float'에서 'LONG'(으)로 변환하면서 데이터가 손실될 수 있습니다.
d:\study\200115 ~ 200122 1주일 포폴\bulletmanager.cpp(104): warning C4244: '=': 'float'에서 'LONG'(으)로 변환하면서 데이터가 손실될 수 있습니다.
d:\study\200115 ~ 200122 1주일 포폴\bulletmanager.cpp(110): warning C4244: '=': 'float'에서 'LONG'(으)로 변환하면서 데이터가 손실될 수 있습니다.
d:\study\200115 ~ 200122 1주일 포폴\bulletmanager.cpp(111): warning C4244: '=': 'float'에서 'LONG'(으)로 변환하면서 데이터가 손실될 수 있습니다.
d:\study\200115 ~ 200122 1주일 포폴\bulletmanager.cpp(120): warning C4244: '=': 'LONG'에서 'float'(으)로 변환하면서 데이터가 손실될 수 있습니다.
d:\study\200115 ~ 200122 1주일 포폴\bulletmanager.cpp(121): warning C4244: '=': 'LONG'에서 'float'(으)로 변환하면서 데이터가 손실될 수 있습니다.
d:\study\200115 ~ 200122 1주일 포폴\bulletmanager.cpp(122): warning C4244: '인수': 'float'에서 'int'(으)로 변환하면서 데이터가 손실될 수 있습니다.
d:\study\200115 ~ 200122 1주일 포폴\bulletmanager.cpp(126): warning C4244: '=': 'float'에서 'LONG'(으)로 변환하면서 데이터가 손실될 수 있습니다.
d:\study\200115 ~ 200122 1주일 포폴\bulletmanager.cpp(127): warning C4244: '=': 'float'에서 'LONG'(으)로 변환하면서 데이터가 손실될 수 있습니다.
d:\study\200115 ~ 200122 1주일 포폴\bulletmanager.cpp(148): warning C4244: '인수': 'float'에서 'int'(으)로 변환하면서 데이터가 손실될 수 있습니다.
d:\study\200115 ~ 200122 1주일 포폴\bulletmanager.cpp(147): warning C4244: '인수': 'float'에서 'int'(으)로 변환하면서 데이터가 손실될 수 있습니다.
d:\study\200115 ~ 200122 1주일 포폴\bulletmanager.cpp(173): warning C4244: '인수': 'float'에서 'int'(으)로 변환하면서 데이터가 손실될 수 있습니다.
d:\study\200115 ~ 200122 1주일 포폴\bulletmanager.cpp(172): warning C4244: '인수': 'float'에서 'int'(으)로 변환하면서 데이터가 손실될 수 있습니다.
d:\study\200115 ~ 200122 1주일 포폴\bulletmanager.cpp(198): warning C4244: '인수': 'float'에서 'int'(으)로 변환하면서 데이터가 손실될 수 있습니다.
d:\study\200115 ~ 200122 1주일 포폴\bulletmanager.cpp(197): warning C4244: '인수': 'float'에서 'int'(으)로 변환하면서 데이터가 손실될 수 있습니다.
d:\study\200115 ~ 200122 1주일 포폴\bulletmanager.cpp(313): warning C4244: '인수': 'float'에서 'int'(으)로 변환하면서 데이터가 손실될 수 있습니다.
d:\study\200115 ~ 200122 1주일 포폴\bulletmanager.cpp(312): warning C4244: '인수': 'float'에서 'int'(으)로 변환하면서 데이터가 손실될 수 있습니다.
d:\study\200115 ~ 200122 1주일 포폴\bulletmanager.cpp(324): warning C4244: '인수': 'float'에서 'int'(으)로 변환하면서 데이터가 손실될 수 있습니다.
d:\study\200115 ~ 200122 1주일 포폴\bulletmanager.cpp(360): warning C4244: '인수': 'float'에서 'int'(으)로 변환하면서 데이터가 손실될 수 있습니다.
d:\study\200115 ~ 200122 1주일 포폴\bulletmanager.cpp(359): warning C4244: '인수': 'float'에서 'int'(으)로 변환하면서 데이터가 손실될 수 있습니다.
d:\study\200115 ~ 200122 1주일 포폴\bulletmanager.cpp(391): warning C4244: '인수': 'float'에서 'int'(으)로 변환하면서 데이터가 손실될 수 있습니다.
d:\study\200115 ~ 200122 1주일 포폴\bulletmanager.cpp(408): warning C4244: '인수': 'float'에서 'int'(으)로 변환하면서 데이터가 손실될 수 있습니다.
d:\study\200115 ~ 200122 1주일 포폴\bulletmanager.cpp(444): warning C4244: '인수': 'float'에서 'int'(으)로 변환하면서 데이터가 손실될 수 있습니다.
d:\study\200115 ~ 200122 1주일 포폴\bulletmanager.cpp(461): warning C4244: '인수': 'float'에서 'int'(으)로 변환하면서 데이터가 손실될 수 있습니다.
d:\study\200115 ~ 200122 1주일 포폴\bulletmanager.cpp(498): warning C4244: '인수': 'float'에서 'int'(으)로 변환하면서 데이터가 손실될 수 있습니다.
d:\study\200115 ~ 200122 1주일 포폴\bulletmanager.cpp(515): warning C4244: '인수': 'float'에서 'int'(으)로 변환하면서 데이터가 손실될 수 있습니다.
d:\study\200115 ~ 200122 1주일 포폴\bulletmanager.cpp(552): warning C4244: '인수': 'float'에서 'int'(으)로 변환하면서 데이터가 손실될 수 있습니다.
d:\study\200115 ~ 200122 1주일 포폴\bulletmanager.cpp(569): warning C4244: '인수': 'float'에서 'int'(으)로 변환하면서 데이터가 손실될 수 있습니다.
d:\study\200115 ~ 200122 1주일 포폴\bulletmanager.cpp(606): warning C4244: '인수': 'float'에서 'int'(으)로 변환하면서 데이터가 손실될 수 있습니다.
d:\study\200115 ~ 200122 1주일 포폴\bulletmanager.cpp(623): warning C4244: '인수': 'float'에서 'int'(으)로 변환하면서 데이터가 손실될 수 있습니다.
d:\study\200115 ~ 200122 1주일 포폴\bulletmanager.cpp(641): warning C4244: '인수': 'float'에서 'int'(으)로 변환하면서 데이터가 손실될 수 있습니다.
d:\study\200115 ~ 200122 1주일 포폴\bulletmanager.cpp(999): warning C4244: '=': 'float'에서 'LONG'(으)로 변환하면서 데이터가 손실될 수 있습니다.
d:\study\200115 ~ 200122 1주일 포폴\bulletmanager.cpp(1000): warning C4244: '=': 'float'에서 'LONG'(으)로 변환하면서 데이터가 손실될 수 있습니다.
d:\study\200115 ~ 200122 1주일 포폴\bulletmanager.cpp(1010): warning C4244: '=': 'LONG'에서 'float'(으)로 변환하면서 데이터가 손실될 수 있습니다.
d:\study\200115 ~ 200122 1주일 포폴\bulletmanager.cpp(1011): warning C4244: '=': 'LONG'에서 'float'(으)로 변환하면서 데이터가 손실될 수 있습니다.
d:\study\200115 ~ 200122 1주일 포폴\bulletmanager.cpp(1013): warning C4244: '인수': 'float'에서 'int'(으)로 변환하면서 데이터가 손실될 수 있습니다.
d:\study\200115 ~ 200122 1주일 포폴\bulletmanager.cpp(1012): warning C4244: '인수': 'float'에서 'int'(으)로 변환하면서 데이터가 손실될 수 있습니다.
d:\study\200115 ~ 200122 1주일 포폴\bulletmanager.cpp(1020): warning C4244: '=': 'float'에서 'LONG'(으)로 변환하면서 데이터가 손실될 수 있습니다.
d:\study\200115 ~ 200122 1주일 포폴\bulletmanager.cpp(1021): warning C4244: '=': 'float'에서 'LONG'(으)로 변환하면서 데이터가 손실될 수 있습니다.
d:\study\200115 ~ 200122 1주일 포폴\bulletmanager.cpp(1027): warning C4244: '=': 'float'에서 'LONG'(으)로 변환하면서 데이터가 손실될 수 있습니다.
d:\study\200115 ~ 200122 1주일 포폴\bulletmanager.cpp(1028): warning C4244: '=': 'float'에서 'LONG'(으)로 변환하면서 데이터가 손실될 수 있습니다.
d:\study\200115 ~ 200122 1주일 포폴\bulletmanager.cpp(1038): warning C4244: '=': 'LONG'에서 'float'(으)로 변환하면서 데이터가 손실될 수 있습니다.
d:\study\200115 ~ 200122 1주일 포폴\bulletmanager.cpp(1039): warning C4244: '=': 'LONG'에서 'float'(으)로 변환하면서 데이터가 손실될 수 있습니다.
d:\study\200115 ~ 200122 1주일 포폴\bulletmanager.cpp(1041): warning C4244: '인수': 'float'에서 'int'(으)로 변환하면서 데이터가 손실될 수 있습니다.
d:\study\200115 ~ 200122 1주일 포폴\bulletmanager.cpp(1040): warning C4244: '인수': 'float'에서 'int'(으)로 변환하면서 데이터가 손실될 수 있습니다.
d:\study\200115 ~ 200122 1주일 포폴\bulletmanager.cpp(1049): warning C4244: '=': 'float'에서 'LONG'(으)로 변환하면서 데이터가 손실될 수 있습니다.
d:\study\200115 ~ 200122 1주일 포폴\bulletmanager.cpp(1050): warning C4244: '=': 'float'에서 'LONG'(으)로 변환하면서 데이터가 손실될 수 있습니다.
d:\study\200115 ~ 200122 1주일 포폴\bulletmanager.cpp(1056): warning C4244: '=': 'float'에서 'LONG'(으)로 변환하면서 데이터가 손실될 수 있습니다.
d:\study\200115 ~ 200122 1주일 포폴\bulletmanager.cpp(1057): warning C4244: '=': 'float'에서 'LONG'(으)로 변환하면서 데이터가 손실될 수 있습니다.
d:\study\200115 ~ 200122 1주일 포폴\bulletmanager.cpp(1067): warning C4244: '=': 'LONG'에서 'float'(으)로 변환하면서 데이터가 손실될 수 있습니다.
d:\study\200115 ~ 200122 1주일 포폴\bulletmanager.cpp(1068): warning C4244: '=': 'LONG'에서 'float'(으)로 변환하면서 데이터가 손실될 수 있습니다.
d:\study\200115 ~ 200122 1주일 포폴\bulletmanager.cpp(1070): warning C4244: '인수': 'float'에서 'int'(으)로 변환하면서 데이터가 손실될 수 있습니다.
d:\study\200115 ~ 200122 1주일 포폴\bulletmanager.cpp(1069): warning C4244: '인수': 'float'에서 'int'(으)로 변환하면서 데이터가 손실될 수 있습니다.
d:\study\200115 ~ 200122 1주일 포폴\bulletmanager.cpp(1078): warning C4244: '=': 'float'에서 'LONG'(으)로 변환하면서 데이터가 손실될 수 있습니다.
d:\study\200115 ~ 200122 1주일 포폴\bulletmanager.cpp(1079): warning C4244: '=': 'float'에서 'LONG'(으)로 변환하면서 데이터가 손실될 수 있습니다.
d:\study\200115 ~ 200122 1주일 포폴\bulletmanager.cpp(1085): warning C4244: '=': 'float'에서 'LONG'(으)로 변환하면서 데이터가 손실될 수 있습니다.
d:\study\200115 ~ 200122 1주일 포폴\bulletmanager.cpp(1086): warning C4244: '=': 'float'에서 'LONG'(으)로 변환하면서 데이터가 손실될 수 있습니다.
d:\study\200115 ~ 200122 1주일 포폴\bulletmanager.cpp(1096): warning C4244: '=': 'LONG'에서 'float'(으)로 변환하면서 데이터가 손실될 수 있습니다.
d:\study\200115 ~ 200122 1주일 포폴\bulletmanager.cpp(1097): warning C4244: '=': 'LONG'에서 'float'(으)로 변환하면서 데이터가 손실될 수 있습니다.
d:\study\200115 ~ 200122 1주일 포폴\bulletmanager.cpp(1099): warning C4244: '인수': 'float'에서 'int'(으)로 변환하면서 데이터가 손실될 수 있습니다.
d:\study\200115 ~ 200122 1주일 포폴\bulletmanager.cpp(1098): warning C4244: '인수': 'float'에서 'int'(으)로 변환하면서 데이터가 손실될 수 있습니다.
d:\study\200115 ~ 200122 1주일 포폴\bulletmanager.cpp(1106): warning C4244: '=': 'float'에서 'LONG'(으)로 변환하면서 데이터가 손실될 수 있습니다.
d:\study\200115 ~ 200122 1주일 포폴\bulletmanager.cpp(1107): warning C4244: '=': 'float'에서 'LONG'(으)로 변환하면서 데이터가 손실될 수 있습니다.
d:\study\200115 ~ 200122 1주일 포폴\bulletmanager.cpp(1131): warning C4244: '인수': 'float'에서 'int'(으)로 변환하면서 데이터가 손실될 수 있습니다.
d:\study\200115 ~ 200122 1주일 포폴\bulletmanager.cpp(1130): warning C4244: '인수': 'float'에서 'int'(으)로 변환하면서 데이터가 손실될 수 있습니다.
d:\study\200115 ~ 200122 1주일 포폴\bulletmanager.cpp(1157): warning C4244: '인수': 'float'에서 'int'(으)로 변환하면서 데이터가 손실될 수 있습니다.
d:\study\200115 ~ 200122 1주일 포폴\bulletmanager.cpp(1156): warning C4244: '인수': 'float'에서 'int'(으)로 변환하면서 데이터가 손실될 수 있습니다.
d:\study\200115 ~ 200122 1주일 포폴\bulletmanager.cpp(1183): warning C4244: '인수': 'float'에서 'int'(으)로 변환하면서 데이터가 손실될 수 있습니다.
d:\study\200115 ~ 200122 1주일 포폴\bulletmanager.cpp(1182): warning C4244: '인수': 'float'에서 'int'(으)로 변환하면서 데이터가 손실될 수 있습니다.
d:\study\200115 ~ 200122 1주일 포폴\bulletmanager.cpp(1209): warning C4244: '인수': 'float'에서 'int'(으)로 변환하면서 데이터가 손실될 수 있습니다.
d:\study\200115 ~ 200122 1주일 포폴\bulletmanager.cpp(1208): warning C4244: '인수': 'float'에서 'int'(으)로 변환하면서 데이터가 손실될 수 있습니다.
d:\study\200115 ~ 200122 1주일 포폴\bulletmanager.cpp(1296): warning C4244: '=': 'float'에서 'LONG'(으)로 변환하면서 데이터가 손실될 수 있습니다.
d:\study\200115 ~ 200122 1주일 포폴\bulletmanager.cpp(1297): warning C4244: '=': 'float'에서 'LONG'(으)로 변환하면서 데이터가 손실될 수 있습니다.
d:\study\200115 ~ 200122 1주일 포폴\bulletmanager.cpp(1308): warning C4244: '=': 'LONG'에서 'float'(으)로 변환하면서 데이터가 손실될 수 있습니다.
d:\study\200115 ~ 200122 1주일 포폴\bulletmanager.cpp(1309): warning C4244: '=': 'LONG'에서 'float'(으)로 변환하면서 데이터가 손실될 수 있습니다.
d:\study\200115 ~ 200122 1주일 포폴\bulletmanager.cpp(1311): warning C4244: '인수': 'float'에서 'int'(으)로 변환하면서 데이터가 손실될 수 있습니다.
d:\study\200115 ~ 200122 1주일 포폴\bulletmanager.cpp(1310): warning C4244: '인수': 'float'에서 'int'(으)로 변환하면서 데이터가 손실될 수 있습니다.
d:\study\200115 ~ 200122 1주일 포폴\bulletmanager.cpp(1318): warning C4244: '=': 'float'에서 'LONG'(으)로 변환하면서 데이터가 손실될 수 있습니다.
d:\study\200115 ~ 200122 1주일 포폴\bulletmanager.cpp(1319): warning C4244: '=': 'float'에서 'LONG'(으)로 변환하면서 데이터가 손실될 수 있습니다.
d:\study\200115 ~ 200122 1주일 포폴\bulletmanager.cpp(1325): warning C4244: '=': 'float'에서 'LONG'(으)로 변환하면서 데이터가 손실될 수 있습니다.
d:\study\200115 ~ 200122 1주일 포폴\bulletmanager.cpp(1326): warning C4244: '=': 'float'에서 'LONG'(으)로 변환하면서 데이터가 손실될 수 있습니다.
d:\study\200115 ~ 200122 1주일 포폴\bulletmanager.cpp(1337): warning C4244: '=': 'LONG'에서 'float'(으)로 변환하면서 데이터가 손실될 수 있습니다.
d:\study\200115 ~ 200122 1주일 포폴\bulletmanager.cpp(1338): warning C4244: '=': 'LONG'에서 'float'(으)로 변환하면서 데이터가 손실될 수 있습니다.
d:\study\200115 ~ 200122 1주일 포폴\bulletmanager.cpp(1340): warning C4244: '인수': 'float'에서 'int'(으)로 변환하면서 데이터가 손실될 수 있습니다.
d:\study\200115 ~ 200122 1주일 포폴\bulletmanager.cpp(1339): warning C4244: '인수': 'float'에서 'int'(으)로 변환하면서 데이터가 손실될 수 있습니다.
d:\study\200115 ~ 200122 1주일 포폴\bulletmanager.cpp(1348): warning C4244: '=': 'float'에서 'LONG'(으)로 변환하면서 데이터가 손실될 수 있습니다.
d:\study\200115 ~ 200122 1주일 포폴\bulletmanager.cpp(1349): warning C4244: '=': 'float'에서 'LONG'(으)로 변환하면서 데이터가 손실될 수 있습니다.
d:\study\200115 ~ 200122 1주일 포폴\bulletmanager.cpp(1355): warning C4244: '=': 'float'에서 'LONG'(으)로 변환하면서 데이터가 손실될 수 있습니다.
d:\study\200115 ~ 200122 1주일 포폴\bulletmanager.cpp(1356): warning C4244: '=': 'float'에서 'LONG'(으)로 변환하면서 데이터가 손실될 수 있습니다.
d:\study\200115 ~ 200122 1주일 포폴\bulletmanager.cpp(1367): warning C4244: '=': 'LONG'에서 'float'(으)로 변환하면서 데이터가 손실될 수 있습니다.
d:\study\200115 ~ 200122 1주일 포폴\bulletmanager.cpp(1368): warning C4244: '=': 'LONG'에서 'float'(으)로 변환하면서 데이터가 손실될 수 있습니다.
d:\study\200115 ~ 200122 1주일 포폴\bulletmanager.cpp(1370): warning C4244: '인수': 'float'에서 'int'(으)로 변환하면서 데이터가 손실될 수 있습니다.
d:\study\200115 ~ 200122 1주일 포폴\bulletmanager.cpp(1369): warning C4244: '인수': 'float'에서 'int'(으)로 변환하면서 데이터가 손실될 수 있습니다.
d:\study\200115 ~ 200122 1주일 포폴\bulletmanager.cpp(1378): warning C4244: '=': 'float'에서 'LONG'(으)로 변환하면서 데이터가 손실될 수 있습니다.
d:\study\200115 ~ 200122 1주일 포폴\bulletmanager.cpp(1379): warning C4244: '=': 'float'에서 'LONG'(으)로 변환하면서 데이터가 손실될 수 있습니다.
d:\study\200115 ~ 200122 1주일 포폴\bulletmanager.cpp(1385): warning C4244: '=': 'float'에서 'LONG'(으)로 변환하면서 데이터가 손실될 수 있습니다.
d:\study\200115 ~ 200122 1주일 포폴\bulletmanager.cpp(1386): warning C4244: '=': 'float'에서 'LONG'(으)로 변환하면서 데이터가 손실될 수 있습니다.
d:\study\200115 ~ 200122 1주일 포폴\bulletmanager.cpp(1397): warning C4244: '=': 'LONG'에서 'float'(으)로 변환하면서 데이터가 손실될 수 있습니다.
d:\study\200115 ~ 200122 1주일 포폴\bulletmanager.cpp(1398): warning C4244: '=': 'LONG'에서 'float'(으)로 변환하면서 데이터가 손실될 수 있습니다.
d:\study\200115 ~ 200122 1주일 포폴\bulletmanager.cpp(1400): warning C4244: '인수': 'float'에서 'int'(으)로 변환하면서 데이터가 손실될 수 있습니다.
d:\study\200115 ~ 200122 1주일 포폴\bulletmanager.cpp(1399): warning C4244: '인수': 'float'에서 'int'(으)로 변환하면서 데이터가 손실될 수 있습니다.
d:\study\200115 ~ 200122 1주일 포폴\bulletmanager.cpp(1407): warning C4244: '=': 'float'에서 'LONG'(으)로 변환하면서 데이터가 손실될 수 있습니다.
d:\study\200115 ~ 200122 1주일 포폴\bulletmanager.cpp(1408): warning C4244: '=': 'float'에서 'LONG'(으)로 변환하면서 데이터가 손실될 수 있습니다.
d:\study\200115 ~ 200122 1주일 포폴\bulletmanager.cpp(1437): warning C4244: '인수': 'float'에서 'int'(으)로 변환하면서 데이터가 손실될 수 있습니다.
d:\study\200115 ~ 200122 1주일 포폴\bulletmanager.cpp(1436): warning C4244: '인수': 'float'에서 'int'(으)로 변환하면서 데이터가 손실될 수 있습니다.
d:\study\200115 ~ 200122 1주일 포폴\bulletmanager.cpp(1468): warning C4244: '인수': 'float'에서 'int'(으)로 변환하면서 데이터가 손실될 수 있습니다.
d:\study\200115 ~ 200122 1주일 포폴\bulletmanager.cpp(1467): warning C4244: '인수': 'float'에서 'int'(으)로 변환하면서 데이터가 손실될 수 있습니다.
d:\study\200115 ~ 200122 1주일 포폴\bulletmanager.cpp(1499): warning C4244: '인수': 'float'에서 'int'(으)로 변환하면서 데이터가 손실될 수 있습니다.
d:\study\200115 ~ 200122 1주일 포폴\bulletmanager.cpp(1498): warning C4244: '인수': 'float'에서 'int'(으)로 변환하면서 데이터가 손실될 수 있습니다.
d:\study\200115 ~ 200122 1주일 포폴\bulletmanager.cpp(1530): warning C4244: '인수': 'float'에서 'int'(으)로 변환하면서 데이터가 손실될 수 있습니다.
d:\study\200115 ~ 200122 1주일 포폴\bulletmanager.cpp(1529): warning C4244: '인수': 'float'에서 'int'(으)로 변환하면서 데이터가 손실될 수 있습니다.
d:\study\200115 ~ 200122 1주일 포폴\bulletmanager.cpp(1618): warning C4244: '=': 'float'에서 'LONG'(으)로 변환하면서 데이터가 손실될 수 있습니다.
d:\study\200115 ~ 200122 1주일 포폴\bulletmanager.cpp(1619): warning C4244: '=': 'float'에서 'LONG'(으)로 변환하면서 데이터가 손실될 수 있습니다.
d:\study\200115 ~ 200122 1주일 포폴\bulletmanager.cpp(1620): warning C4244: '인수': 'LONG'에서 'float'(으)로 변환하면서 데이터가 손실될 수 있습니다.
d:\study\200115 ~ 200122 1주일 포폴\bulletmanager.cpp(1629): warning C4244: '=': 'LONG'에서 'float'(으)로 변환하면서 데이터가 손실될 수 있습니다.
d:\study\200115 ~ 200122 1주일 포폴\bulletmanager.cpp(1630): warning C4244: '=': 'LONG'에서 'float'(으)로 변환하면서 데이터가 손실될 수 있습니다.
d:\study\200115 ~ 200122 1주일 포폴\bulletmanager.cpp(1632): warning C4244: '인수': 'float'에서 'int'(으)로 변환하면서 데이터가 손실될 수 있습니다.
d:\study\200115 ~ 200122 1주일 포폴\bulletmanager.cpp(1631): warning C4244: '인수': 'float'에서 'int'(으)로 변환하면서 데이터가 손실될 수 있습니다.
d:\study\200115 ~ 200122 1주일 포폴\bulletmanager.cpp(1639): warning C4244: '=': 'float'에서 'LONG'(으)로 변환하면서 데이터가 손실될 수 있습니다.
d:\study\200115 ~ 200122 1주일 포폴\bulletmanager.cpp(1640): warning C4244: '=': 'float'에서 'LONG'(으)로 변환하면서 데이터가 손실될 수 있습니다.
d:\study\200115 ~ 200122 1주일 포폴\bulletmanager.cpp(1646): warning C4244: '=': 'float'에서 'LONG'(으)로 변환하면서 데이터가 손실될 수 있습니다.
d:\study\200115 ~ 200122 1주일 포폴\bulletmanager.cpp(1647): warning C4244: '=': 'float'에서 'LONG'(으)로 변환하면서 데이터가 손실될 수 있습니다.
d:\study\200115 ~ 200122 1주일 포폴\bulletmanager.cpp(1648): warning C4244: '인수': 'LONG'에서 'float'(으)로 변환하면서 데이터가 손실될 수 있습니다.
d:\study\200115 ~ 200122 1주일 포폴\bulletmanager.cpp(1657): warning C4244: '=': 'LONG'에서 'float'(으)로 변환하면서 데이터가 손실될 수 있습니다.
d:\study\200115 ~ 200122 1주일 포폴\bulletmanager.cpp(1658): warning C4244: '=': 'LONG'에서 'float'(으)로 변환하면서 데이터가 손실될 수 있습니다.
d:\study\200115 ~ 200122 1주일 포폴\bulletmanager.cpp(1660): warning C4244: '인수': 'float'에서 'int'(으)로 변환하면서 데이터가 손실될 수 있습니다.
d:\study\200115 ~ 200122 1주일 포폴\bulletmanager.cpp(1659): warning C4244: '인수': 'float'에서 'int'(으)로 변환하면서 데이터가 손실될 수 있습니다.
d:\study\200115 ~ 200122 1주일 포폴\bulletmanager.cpp(1667): warning C4244: '=': 'float'에서 'LONG'(으)로 변환하면서 데이터가 손실될 수 있습니다.
d:\study\200115 ~ 200122 1주일 포폴\bulletmanager.cpp(1668): warning C4244: '=': 'float'에서 'LONG'(으)로 변환하면서 데이터가 손실될 수 있습니다.
d:\study\200115 ~ 200122 1주일 포폴\bulletmanager.cpp(1692): warning C4244: '인수': 'float'에서 'int'(으)로 변환하면서 데이터가 손실될 수 있습니다.
d:\study\200115 ~ 200122 1주일 포폴\bulletmanager.cpp(1691): warning C4244: '인수': 'float'에서 'int'(으)로 변환하면서 데이터가 손실될 수 있습니다.
d:\study\200115 ~ 200122 1주일 포폴\bulletmanager.cpp(1718): warning C4244: '인수': 'float'에서 'int'(으)로 변환하면서 데이터가 손실될 수 있습니다.
d:\study\200115 ~ 200122 1주일 포폴\bulletmanager.cpp(1717): warning C4244: '인수': 'float'에서 'int'(으)로 변환하면서 데이터가 손실될 수 있습니다.
d:\study\200115 ~ 200122 1주일 포폴\bulletmanager.cpp(1787): warning C4244: '인수': 'int'에서 'float'(으)로 변환하면서 데이터가 손실될 수 있습니다.
d:\study\200115 ~ 200122 1주일 포폴\bulletmanager.cpp(1805): warning C4244: '인수': 'int'에서 'float'(으)로 변환하면서 데이터가 손실될 수 있습니다.
d:\study\200115 ~ 200122 1주일 포폴\bulletmanager.cpp(1823): warning C4244: '인수': 'int'에서 'float'(으)로 변환하면서 데이터가 손실될 수 있습니다.
d:\study\200115 ~ 200122 1주일 포폴\bulletmanager.cpp(1845): warning C4244: '인수': 'int'에서 'float'(으)로 변환하면서 데이터가 손실될 수 있습니다.
d:\study\200115 ~ 200122 1주일 포폴\bulletmanager.cpp(1863): warning C4244: '인수': 'int'에서 'float'(으)로 변환하면서 데이터가 손실될 수 있습니다.
d:\study\200115 ~ 200122 1주일 포폴\bulletmanager.cpp(1881): warning C4244: '인수': 'int'에서 'float'(으)로 변환하면서 데이터가 손실될 수 있습니다.
d:\study\200115 ~ 200122 1주일 포폴\bulletmanager.cpp(1903): warning C4244: '인수': 'int'에서 'float'(으)로 변환하면서 데이터가 손실될 수 있습니다.
d:\study\200115 ~ 200122 1주일 포폴\bulletmanager.cpp(1921): warning C4244: '인수': 'int'에서 'float'(으)로 변환하면서 데이터가 손실될 수 있습니다.
d:\study\200115 ~ 200122 1주일 포폴\bulletmanager.cpp(1943): warning C4244: '인수': 'int'에서 'float'(으)로 변환하면서 데이터가 손실될 수 있습니다.
d:\study\200115 ~ 200122 1주일 포폴\bulletmanager.cpp(1961): warning C4244: '인수': 'int'에서 'float'(으)로 변환하면서 데이터가 손실될 수 있습니다.
d:\study\200115 ~ 200122 1주일 포폴\bulletmanager.cpp(1983): warning C4244: '인수': 'int'에서 'float'(으)로 변환하면서 데이터가 손실될 수 있습니다.
d:\study\200115 ~ 200122 1주일 포폴\bulletmanager.cpp(2001): warning C4244: '인수': 'int'에서 'float'(으)로 변환하면서 데이터가 손실될 수 있습니다.
d:\study\200115 ~ 200122 1주일 포폴\bulletmanager.cpp(2019): warning C4244: '인수': 'int'에서 'float'(으)로 변환하면서 데이터가 손실될 수 있습니다.
d:\study\200115 ~ 200122 1주일 포폴\bulletmanager.cpp(2037): warning C4244: '인수': 'int'에서 'float'(으)로 변환하면서 데이터가 손실될 수 있습니다.
d:\study\200115 ~ 200122 1주일 포폴\bulletmanager.cpp(2055): warning C4244: '인수': 'int'에서 'float'(으)로 변환하면서 데이터가 손실될 수 있습니다.
d:\study\200115 ~ 200122 1주일 포폴\bulletmanager.cpp(2073): warning C4244: '인수': 'int'에서 'float'(으)로 변환하면서 데이터가 손실될 수 있습니다.
d:\study\200115 ~ 200122 1주일 포폴\bulletmanager.cpp(2092): warning C4244: '=': 'float'에서 'LONG'(으)로 변환하면서 데이터가 손실될 수 있습니다.
d:\study\200115 ~ 200122 1주일 포폴\bulletmanager.cpp(2093): warning C4244: '=': 'float'에서 'LONG'(으)로 변환하면서 데이터가 손실될 수 있습니다.
d:\study\200115 ~ 200122 1주일 포폴\bulletmanager.cpp(2103): warning C4244: '=': 'LONG'에서 'float'(으)로 변환하면서 데이터가 손실될 수 있습니다.
d:\study\200115 ~ 200122 1주일 포폴\bulletmanager.cpp(2104): warning C4244: '=': 'LONG'에서 'float'(으)로 변환하면서 데이터가 손실될 수 있습니다.
d:\study\200115 ~ 200122 1주일 포폴\bulletmanager.cpp(2106): warning C4244: '인수': 'float'에서 'int'(으)로 변환하면서 데이터가 손실될 수 있습니다.
d:\study\200115 ~ 200122 1주일 포폴\bulletmanager.cpp(2105): warning C4244: '인수': 'float'에서 'int'(으)로 변환하면서 데이터가 손실될 수 있습니다.
d:\study\200115 ~ 200122 1주일 포폴\bulletmanager.cpp(2113): warning C4244: '=': 'float'에서 'LONG'(으)로 변환하면서 데이터가 손실될 수 있습니다.
d:\study\200115 ~ 200122 1주일 포폴\bulletmanager.cpp(2114): warning C4244: '=': 'float'에서 'LONG'(으)로 변환하면서 데이터가 손실될 수 있습니다.
d:\study\200115 ~ 200122 1주일 포폴\bulletmanager.cpp(2129): warning C4244: '인수': 'float'에서 'int'(으)로 변환하면서 데이터가 손실될 수 있습니다.
d:\study\200115 ~ 200122 1주일 포폴\bulletmanager.cpp(2128): warning C4244: '인수': 'float'에서 'int'(으)로 변환하면서 데이터가 손실될 수 있습니다.
d:\study\200115 ~ 200122 1주일 포폴\bulletmanager.cpp(2159): warning C4244: '=': 'float'에서 'LONG'(으)로 변환하면서 데이터가 손실될 수 있습니다.
d:\study\200115 ~ 200122 1주일 포폴\bulletmanager.cpp(2160): warning C4244: '=': 'float'에서 'LONG'(으)로 변환하면서 데이터가 손실될 수 있습니다.
d:\study\200115 ~ 200122 1주일 포폴\bulletmanager.cpp(2170): warning C4244: '=': 'LONG'에서 'float'(으)로 변환하면서 데이터가 손실될 수 있습니다.
d:\study\200115 ~ 200122 1주일 포폴\bulletmanager.cpp(2171): warning C4244: '=': 'LONG'에서 'float'(으)로 변환하면서 데이터가 손실될 수 있습니다.
d:\study\200115 ~ 200122 1주일 포폴\bulletmanager.cpp(2173): warning C4244: '인수': 'float'에서 'int'(으)로 변환하면서 데이터가 손실될 수 있습니다.
d:\study\200115 ~ 200122 1주일 포폴\bulletmanager.cpp(2172): warning C4244: '인수': 'float'에서 'int'(으)로 변환하면서 데이터가 손실될 수 있습니다.
d:\study\200115 ~ 200122 1주일 포폴\bulletmanager.cpp(2180): warning C4244: '=': 'float'에서 'LONG'(으)로 변환하면서 데이터가 손실될 수 있습니다.
d:\study\200115 ~ 200122 1주일 포폴\bulletmanager.cpp(2181): warning C4244: '=': 'float'에서 'LONG'(으)로 변환하면서 데이터가 손실될 수 있습니다.
d:\study\200115 ~ 200122 1주일 포폴\bulletmanager.cpp(2196): warning C4244: '인수': 'float'에서 'int'(으)로 변환하면서 데이터가 손실될 수 있습니다.
d:\study\200115 ~ 200122 1주일 포폴\bulletmanager.cpp(2195): warning C4244: '인수': 'float'에서 'int'(으)로 변환하면서 데이터가 손실될 수 있습니다.
d:\study\200115 ~ 200122 1주일 포폴\bulletmanager.cpp(2226): warning C4244: '=': 'float'에서 'LONG'(으)로 변환하면서 데이터가 손실될 수 있습니다.
d:\study\200115 ~ 200122 1주일 포폴\bulletmanager.cpp(2227): warning C4244: '=': 'float'에서 'LONG'(으)로 변환하면서 데이터가 손실될 수 있습니다.
d:\study\200115 ~ 200122 1주일 포폴\bulletmanager.cpp(2238): warning C4244: '=': 'LONG'에서 'float'(으)로 변환하면서 데이터가 손실될 수 있습니다.
d:\study\200115 ~ 200122 1주일 포폴\bulletmanager.cpp(2239): warning C4244: '=': 'LONG'에서 'float'(으)로 변환하면서 데이터가 손실될 수 있습니다.
d:\study\200115 ~ 200122 1주일 포폴\bulletmanager.cpp(2241): warning C4244: '인수': 'float'에서 'int'(으)로 변환하면서 데이터가 손실될 수 있습니다.
d:\study\200115 ~ 200122 1주일 포폴\bulletmanager.cpp(2240): warning C4244: '인수': 'float'에서 'int'(으)로 변환하면서 데이터가 손실될 수 있습니다.
d:\study\200115 ~ 200122 1주일 포폴\bulletmanager.cpp(2248): warning C4244: '=': 'float'에서 'LONG'(으)로 변환하면서 데이터가 손실될 수 있습니다.
d:\study\200115 ~ 200122 1주일 포폴\bulletmanager.cpp(2249): warning C4244: '=': 'float'에서 'LONG'(으)로 변환하면서 데이터가 손실될 수 있습니다.
d:\study\200115 ~ 200122 1주일 포폴\bulletmanager.cpp(2269): warning C4244: '인수': 'float'에서 'int'(으)로 변환하면서 데이터가 손실될 수 있습니다.
d:\study\200115 ~ 200122 1주일 포폴\bulletmanager.cpp(2268): warning C4244: '인수': 'float'에서 'int'(으)로 변환하면서 데이터가 손실될 수 있습니다.
d:\study\200115 ~ 200122 1주일 포폴\bulletmanager.cpp(2299): warning C4244: '=': 'float'에서 'LONG'(으)로 변환하면서 데이터가 손실될 수 있습니다.
d:\study\200115 ~ 200122 1주일 포폴\bulletmanager.cpp(2300): warning C4244: '=': 'float'에서 'LONG'(으)로 변환하면서 데이터가 손실될 수 있습니다.
d:\study\200115 ~ 200122 1주일 포폴\bulletmanager.cpp(2311): warning C4244: '=': 'LONG'에서 'float'(으)로 변환하면서 데이터가 손실될 수 있습니다.
d:\study\200115 ~ 200122 1주일 포폴\bulletmanager.cpp(2312): warning C4244: '=': 'LONG'에서 'float'(으)로 변환하면서 데이터가 손실될 수 있습니다.
d:\study\200115 ~ 200122 1주일 포폴\bulletmanager.cpp(2314): warning C4244: '인수': 'float'에서 'int'(으)로 변환하면서 데이터가 손실될 수 있습니다.
d:\study\200115 ~ 200122 1주일 포폴\bulletmanager.cpp(2313): warning C4244: '인수': 'float'에서 'int'(으)로 변환하면서 데이터가 손실될 수 있습니다.
d:\study\200115 ~ 200122 1주일 포폴\bulletmanager.cpp(2321): warning C4244: '=': 'float'에서 'LONG'(으)로 변환하면서 데이터가 손실될 수 있습니다.
d:\study\200115 ~ 200122 1주일 포폴\bulletmanager.cpp(2322): warning C4244: '=': 'float'에서 'LONG'(으)로 변환하면서 데이터가 손실될 수 있습니다.
d:\study\200115 ~ 200122 1주일 포폴\bulletmanager.cpp(2342): warning C4244: '인수': 'float'에서 'int'(으)로 변환하면서 데이터가 손실될 수 있습니다.
d:\study\200115 ~ 200122 1주일 포폴\bulletmanager.cpp(2341): warning C4244: '인수': 'float'에서 'int'(으)로 변환하면서 데이터가 손실될 수 있습니다.
d:\study\200115 ~ 200122 1주일 포폴\bulletmanager.cpp(2372): warning C4244: '=': 'float'에서 'LONG'(으)로 변환하면서 데이터가 손실될 수 있습니다.
d:\study\200115 ~ 200122 1주일 포폴\bulletmanager.cpp(2373): warning C4244: '=': 'float'에서 'LONG'(으)로 변환하면서 데이터가 손실될 수 있습니다.
d:\study\200115 ~ 200122 1주일 포폴\bulletmanager.cpp(2383): warning C4244: '=': 'LONG'에서 'float'(으)로 변환하면서 데이터가 손실될 수 있습니다.
d:\study\200115 ~ 200122 1주일 포폴\bulletmanager.cpp(2384): warning C4244: '=': 'LONG'에서 'float'(으)로 변환하면서 데이터가 손실될 수 있습니다.
d:\study\200115 ~ 200122 1주일 포폴\bulletmanager.cpp(2386): warning C4244: '인수': 'float'에서 'int'(으)로 변환하면서 데이터가 손실될 수 있습니다.
d:\study\200115 ~ 200122 1주일 포폴\bulletmanager.cpp(2385): warning C4244: '인수': 'float'에서 'int'(으)로 변환하면서 데이터가 손실될 수 있습니다.
d:\study\200115 ~ 200122 1주일 포폴\bulletmanager.cpp(2393): warning C4244: '=': 'float'에서 'LONG'(으)로 변환하면서 데이터가 손실될 수 있습니다.
d:\study\200115 ~ 200122 1주일 포폴\bulletmanager.cpp(2394): warning C4244: '=': 'float'에서 'LONG'(으)로 변환하면서 데이터가 손실될 수 있습니다.
d:\study\200115 ~ 200122 1주일 포폴\bulletmanager.cpp(2410): warning C4244: '인수': 'float'에서 'int'(으)로 변환하면서 데이터가 손실될 수 있습니다.
d:\study\200115 ~ 200122 1주일 포폴\bulletmanager.cpp(2409): warning C4244: '인수': 'float'에서 'int'(으)로 변환하면서 데이터가 손실될 수 있습니다.
d:\study\200115 ~ 200122 1주일 포폴\bulletmanager.cpp(2442): warning C4244: '=': 'float'에서 'LONG'(으)로 변환하면서 데이터가 손실될 수 있습니다.
d:\study\200115 ~ 200122 1주일 포폴\bulletmanager.cpp(2443): warning C4244: '=': 'float'에서 'LONG'(으)로 변환하면서 데이터가 손실될 수 있습니다.
d:\study\200115 ~ 200122 1주일 포폴\bulletmanager.cpp(2444): warning C4244: '인수': 'LONG'에서 'float'(으)로 변환하면서 데이터가 손실될 수 있습니다.
d:\study\200115 ~ 200122 1주일 포폴\bulletmanager.cpp(2453): warning C4244: '=': 'LONG'에서 'float'(으)로 변환하면서 데이터가 손실될 수 있습니다.
d:\study\200115 ~ 200122 1주일 포폴\bulletmanager.cpp(2454): warning C4244: '=': 'LONG'에서 'float'(으)로 변환하면서 데이터가 손실될 수 있습니다.
d:\study\200115 ~ 200122 1주일 포폴\bulletmanager.cpp(2456): warning C4244: '인수': 'float'에서 'int'(으)로 변환하면서 데이터가 손실될 수 있습니다.
d:\study\200115 ~ 200122 1주일 포폴\bulletmanager.cpp(2455): warning C4244: '인수': 'float'에서 'int'(으)로 변환하면서 데이터가 손실될 수 있습니다.
d:\study\200115 ~ 200122 1주일 포폴\bulletmanager.cpp(2463): warning C4244: '=': 'float'에서 'LONG'(으)로 변환하면서 데이터가 손실될 수 있습니다.
d:\study\200115 ~ 200122 1주일 포폴\bulletmanager.cpp(2464): warning C4244: '=': 'float'에서 'LONG'(으)로 변환하면서 데이터가 손실될 수 있습니다.
d:\study\200115 ~ 200122 1주일 포폴\bulletmanager.cpp(2479): warning C4244: '인수': 'float'에서 'int'(으)로 변환하면서 데이터가 손실될 수 있습니다.
d:\study\200115 ~ 200122 1주일 포폴\bulletmanager.cpp(2478): warning C4244: '인수': 'float'에서 'int'(으)로 변환하면서 데이터가 손실될 수 있습니다.
  enemyBase.cpp
d:\study\200115 ~ 200122 1주일 포폴\enemybase.h(33): warning C4244: 'return': 'LONG'에서 'float'(으)로 변환하면서 데이터가 손실될 수 있습니다.
d:\study\200115 ~ 200122 1주일 포폴\enemybase.h(34): warning C4244: 'return': 'LONG'에서 'float'(으)로 변환하면서 데이터가 손실될 수 있습니다.
  enemyManager.cpp
d:\study\200115 ~ 200122 1주일 포폴\enemybase.h(33): warning C4244: 'return': 'LONG'에서 'float'(으)로 변환하면서 데이터가 손실될 수 있습니다.
d:\study\200115 ~ 200122 1주일 포폴\enemybase.h(34): warning C4244: 'return': 'LONG'에서 'float'(으)로 변환하면서 데이터가 손실될 수 있습니다.
d:\study\200115 ~ 200122 1주일 포폴\enemymanager.cpp(727): warning C4244: '인수': 'int'에서 'float'(으)로 변환하면서 데이터가 손실될 수 있습니다.
d:\study\200115 ~ 200122 1주일 포폴\enemymanager.cpp(735): warning C4305: '인수': 'double'에서 'float'(으)로 잘립니다.
d:\study\200115 ~ 200122 1주일 포폴\enemymanager.cpp(736): warning C4305: '인수': 'double'에서 'float'(으)로 잘립니다.
d:\study\200115 ~ 200122 1주일 포폴\enemymanager.cpp(737): warning C4305: '인수': 'double'에서 'float'(으)로 잘립니다.
d:\study\200115 ~ 200122 1주일 포폴\enemymanager.cpp(738): warning C4305: '인수': 'double'에서 'float'(으)로 잘립니다.
d:\study\200115 ~ 200122 1주일 포폴\enemymanager.cpp(739): warning C4305: '인수': 'double'에서 'float'(으)로 잘립니다.
d:\study\200115 ~ 200122 1주일 포폴\enemymanager.cpp(740): warning C4305: '인수': 'double'에서 'float'(으)로 잘립니다.
d:\study\200115 ~ 200122 1주일 포폴\enemymanager.cpp(741): warning C4305: '인수': 'double'에서 'float'(으)로 잘립니다.
d:\study\200115 ~ 200122 1주일 포폴\enemymanager.cpp(742): warning C4305: '인수': 'double'에서 'float'(으)로 잘립니다.
d:\study\200115 ~ 200122 1주일 포폴\enemymanager.cpp(743): warning C4305: '인수': 'double'에서 'float'(으)로 잘립니다.
d:\study\200115 ~ 200122 1주일 포폴\enemymanager.cpp(752): warning C4305: '인수': 'double'에서 'float'(으)로 잘립니다.
d:\study\200115 ~ 200122 1주일 포폴\enemymanager.cpp(753): warning C4305: '인수': 'double'에서 'float'(으)로 잘립니다.
d:\study\200115 ~ 200122 1주일 포폴\enemymanager.cpp(754): warning C4305: '인수': 'double'에서 'float'(으)로 잘립니다.
d:\study\200115 ~ 200122 1주일 포폴\enemymanager.cpp(755): warning C4305: '인수': 'double'에서 'float'(으)로 잘립니다.
d:\study\200115 ~ 200122 1주일 포폴\enemymanager.cpp(756): warning C4305: '인수': 'double'에서 'float'(으)로 잘립니다.
d:\study\200115 ~ 200122 1주일 포폴\enemymanager.cpp(757): warning C4305: '인수': 'double'에서 'float'(으)로 잘립니다.
d:\study\200115 ~ 200122 1주일 포폴\enemymanager.cpp(758): warning C4305: '인수': 'double'에서 'float'(으)로 잘립니다.
d:\study\200115 ~ 200122 1주일 포폴\enemymanager.cpp(759): warning C4305: '인수': 'double'에서 'float'(으)로 잘립니다.
d:\study\200115 ~ 200122 1주일 포폴\enemymanager.cpp(760): warning C4305: '인수': 'double'에서 'float'(으)로 잘립니다.
d:\study\200115 ~ 200122 1주일 포폴\enemymanager.cpp(761): warning C4305: '인수': 'double'에서 'float'(으)로 잘립니다.
d:\study\200115 ~ 200122 1주일 포폴\enemymanager.cpp(762): warning C4305: '인수': 'double'에서 'float'(으)로 잘립니다.
d:\study\200115 ~ 200122 1주일 포폴\enemymanager.cpp(895): warning C4244: '인수': 'int'에서 'float'(으)로 변환하면서 데이터가 손실될 수 있습니다.
d:\study\200115 ~ 200122 1주일 포폴\enemymanager.cpp(904): warning C4305: '인수': 'double'에서 'float'(으)로 잘립니다.
d:\study\200115 ~ 200122 1주일 포폴\enemymanager.cpp(905): warning C4305: '인수': 'double'에서 'float'(으)로 잘립니다.
d:\study\200115 ~ 200122 1주일 포폴\enemymanager.cpp(906): warning C4305: '인수': 'double'에서 'float'(으)로 잘립니다.
d:\study\200115 ~ 200122 1주일 포폴\enemymanager.cpp(907): warning C4305: '인수': 'double'에서 'float'(으)로 잘립니다.
d:\study\200115 ~ 200122 1주일 포폴\enemymanager.cpp(908): warning C4305: '인수': 'double'에서 'float'(으)로 잘립니다.
d:\study\200115 ~ 200122 1주일 포폴\enemymanager.cpp(909): warning C4305: '인수': 'double'에서 'float'(으)로 잘립니다.
d:\study\200115 ~ 200122 1주일 포폴\enemymanager.cpp(910): warning C4305: '인수': 'double'에서 'float'(으)로 잘립니다.
d:\study\200115 ~ 200122 1주일 포폴\enemymanager.cpp(911): warning C4305: '인수': 'double'에서 'float'(으)로 잘립니다.
d:\study\200115 ~ 200122 1주일 포폴\enemymanager.cpp(912): warning C4305: '인수': 'double'에서 'float'(으)로 잘립니다.
d:\study\200115 ~ 200122 1주일 포폴\enemymanager.cpp(913): warning C4305: '인수': 'double'에서 'float'(으)로 잘립니다.
d:\study\200115 ~ 200122 1주일 포폴\enemymanager.cpp(914): warning C4305: '인수': 'double'에서 'float'(으)로 잘립니다.
d:\study\200115 ~ 200122 1주일 포폴\enemymanager.cpp(1087): warning C4305: '인수': 'double'에서 'float'(으)로 잘립니다.
d:\study\200115 ~ 200122 1주일 포폴\enemymanager.cpp(1088): warning C4305: '인수': 'double'에서 'float'(으)로 잘립니다.
d:\study\200115 ~ 200122 1주일 포폴\enemymanager.cpp(1089): warning C4305: '인수': 'double'에서 'float'(으)로 잘립니다.
d:\study\200115 ~ 200122 1주일 포폴\enemymanager.cpp(1113): warning C4305: '인수': 'double'에서 'float'(으)로 잘립니다.
d:\study\200115 ~ 200122 1주일 포폴\enemymanager.cpp(1114): warning C4305: '인수': 'double'에서 'float'(으)로 잘립니다.
d:\study\200115 ~ 200122 1주일 포폴\enemymanager.cpp(1115): warning C4305: '인수': 'double'에서 'float'(으)로 잘립니다.
d:\study\200115 ~ 200122 1주일 포폴\enemymanager.cpp(1116): warning C4305: '인수': 'double'에서 'float'(으)로 잘립니다.
d:\study\200115 ~ 200122 1주일 포폴\enemymanager.cpp(1117): warning C4305: '인수': 'double'에서 'float'(으)로 잘립니다.
d:\study\200115 ~ 200122 1주일 포폴\enemymanager.cpp(1118): warning C4305: '인수': 'double'에서 'float'(으)로 잘립니다.
d:\study\200115 ~ 200122 1주일 포폴\enemymanager.cpp(1119): warning C4305: '인수': 'double'에서 'float'(으)로 잘립니다.
d:\study\200115 ~ 200122 1주일 포폴\enemymanager.cpp(1120): warning C4305: '인수': 'double'에서 'float'(으)로 잘립니다.
d:\study\200115 ~ 200122 1주일 포폴\enemymanager.cpp(1121): warning C4305: '인수': 'double'에서 'float'(으)로 잘립니다.
d:\study\200115 ~ 200122 1주일 포폴\enemymanager.cpp(1254): warning C4305: '인수': 'double'에서 'float'(으)로 잘립니다.
d:\study\200115 ~ 200122 1주일 포폴\enemymanager.cpp(1255): warning C4305: '인수': 'double'에서 'float'(으)로 잘립니다.
d:\study\200115 ~ 200122 1주일 포폴\enemymanager.cpp(1256): warning C4305: '인수': 'double'에서 'float'(으)로 잘립니다.
d:\study\200115 ~ 200122 1주일 포폴\enemymanager.cpp(1257): warning C4305: '인수': 'double'에서 'float'(으)로 잘립니다.
d:\study\200115 ~ 200122 1주일 포폴\enemymanager.cpp(1258): warning C4305: '인수': 'double'에서 'float'(으)로 잘립니다.
d:\study\200115 ~ 200122 1주일 포폴\enemymanager.cpp(1259): warning C4305: '인수': 'double'에서 'float'(으)로 잘립니다.
d:\study\200115 ~ 200122 1주일 포폴\enemymanager.cpp(1260): warning C4305: '인수': 'double'에서 'float'(으)로 잘립니다.
d:\study\200115 ~ 200122 1주일 포폴\enemymanager.cpp(1261): warning C4305: '인수': 'double'에서 'float'(으)로 잘립니다.
d:\study\200115 ~ 200122 1주일 포폴\enemymanager.cpp(1262): warning C4305: '인수': 'double'에서 'float'(으)로 잘립니다.
d:\study\200115 ~ 200122 1주일 포폴\enemymanager.cpp(1382): warning C4305: '인수': 'double'에서 'float'(으)로 잘립니다.
d:\study\200115 ~ 200122 1주일 포폴\enemymanager.cpp(1383): warning C4305: '인수': 'double'에서 'float'(으)로 잘립니다.
d:\study\200115 ~ 200122 1주일 포폴\enemymanager.cpp(1385): warning C4305: '인수': 'double'에서 'float'(으)로 잘립니다.
d:\study\200115 ~ 200122 1주일 포폴\enemymanager.cpp(1386): warning C4305: '인수': 'double'에서 'float'(으)로 잘립니다.
d:\study\200115 ~ 200122 1주일 포폴\enemymanager.cpp(1387): warning C4305: '인수': 'double'에서 'float'(으)로 잘립니다.
d:\study\200115 ~ 200122 1주일 포폴\enemymanager.cpp(1399): warning C4305: '인수': 'double'에서 'float'(으)로 잘립니다.
d:\study\200115 ~ 200122 1주일 포폴\enemymanager.cpp(1400): warning C4305: '인수': 'double'에서 'float'(으)로 잘립니다.
d:\study\200115 ~ 200122 1주일 포폴\enemymanager.cpp(1416): warning C4305: '인수': 'double'에서 'float'(으)로 잘립니다.
d:\study\200115 ~ 200122 1주일 포폴\enemymanager.cpp(1417): warning C4305: '인수': 'double'에서 'float'(으)로 잘립니다.
d:\study\200115 ~ 200122 1주일 포폴\enemymanager.cpp(1418): warning C4305: '인수': 'double'에서 'float'(으)로 잘립니다.
d:\study\200115 ~ 200122 1주일 포폴\enemymanager.cpp(1419): warning C4305: '인수': 'double'에서 'float'(으)로 잘립니다.
d:\study\200115 ~ 200122 1주일 포폴\enemymanager.cpp(1420): warning C4305: '인수': 'double'에서 'float'(으)로 잘립니다.
d:\study\200115 ~ 200122 1주일 포폴\enemymanager.cpp(1421): warning C4305: '인수': 'double'에서 'float'(으)로 잘립니다.
d:\study\200115 ~ 200122 1주일 포폴\enemymanager.cpp(1422): warning C4305: '인수': 'double'에서 'float'(으)로 잘립니다.
d:\study\200115 ~ 200122 1주일 포폴\enemymanager.cpp(1423): warning C4305: '인수': 'double'에서 'float'(으)로 잘립니다.
d:\study\200115 ~ 200122 1주일 포폴\enemymanager.cpp(1424): warning C4305: '인수': 'double'에서 'float'(으)로 잘립니다.
d:\study\200115 ~ 200122 1주일 포폴\enemymanager.cpp(1425): warning C4305: '인수': 'double'에서 'float'(으)로 잘립니다.
d:\study\200115 ~ 200122 1주일 포폴\enemymanager.cpp(1426): warning C4305: '인수': 'double'에서 'float'(으)로 잘립니다.
d:\study\200115 ~ 200122 1주일 포폴\enemymanager.cpp(1427): warning C4305: '인수': 'double'에서 'float'(으)로 잘립니다.
d:\study\200115 ~ 200122 1주일 포폴\enemymanager.cpp(1428): warning C4305: '인수': 'double'에서 'float'(으)로 잘립니다.
d:\study\200115 ~ 200122 1주일 포폴\enemymanager.cpp(1433): warning C4305: '인수': 'double'에서 'float'(으)로 잘립니다.
d:\study\200115 ~ 200122 1주일 포폴\enemymanager.cpp(1434): warning C4305: '인수': 'double'에서 'float'(으)로 잘립니다.
d:\study\200115 ~ 200122 1주일 포폴\enemymanager.cpp(1435): warning C4305: '인수': 'double'에서 'float'(으)로 잘립니다.
d:\study\200115 ~ 200122 1주일 포폴\enemymanager.cpp(1436): warning C4305: '인수': 'double'에서 'float'(으)로 잘립니다.
d:\study\200115 ~ 200122 1주일 포폴\enemymanager.cpp(1437): warning C4305: '인수': 'double'에서 'float'(으)로 잘립니다.
d:\study\200115 ~ 200122 1주일 포폴\enemymanager.cpp(1438): warning C4305: '인수': 'double'에서 'float'(으)로 잘립니다.
d:\study\200115 ~ 200122 1주일 포폴\enemymanager.cpp(1439): warning C4305: '인수': 'double'에서 'float'(으)로 잘립니다.
d:\study\200115 ~ 200122 1주일 포폴\enemymanager.cpp(1440): warning C4305: '인수': 'double'에서 'float'(으)로 잘립니다.
d:\study\200115 ~ 200122 1주일 포폴\enemymanager.cpp(1441): warning C4305: '인수': 'double'에서 'float'(으)로 잘립니다.
d:\study\200115 ~ 200122 1주일 포폴\enemymanager.cpp(1442): warning C4305: '인수': 'double'에서 'float'(으)로 잘립니다.
d:\study\200115 ~ 200122 1주일 포폴\enemymanager.cpp(1443): warning C4305: '인수': 'double'에서 'float'(으)로 잘립니다.
d:\study\200115 ~ 200122 1주일 포폴\enemymanager.cpp(1444): warning C4305: '인수': 'double'에서 'float'(으)로 잘립니다.
d:\study\200115 ~ 200122 1주일 포폴\enemymanager.cpp(1452): warning C4305: '인수': 'double'에서 'float'(으)로 잘립니다.
d:\study\200115 ~ 200122 1주일 포폴\enemymanager.cpp(1453): warning C4305: '인수': 'double'에서 'float'(으)로 잘립니다.
d:\study\200115 ~ 200122 1주일 포폴\enemymanager.cpp(1454): warning C4305: '인수': 'double'에서 'float'(으)로 잘립니다.
d:\study\200115 ~ 200122 1주일 포폴\enemymanager.cpp(1455): warning C4305: '인수': 'double'에서 'float'(으)로 잘립니다.
d:\study\200115 ~ 200122 1주일 포폴\enemymanager.cpp(1456): warning C4305: '인수': 'double'에서 'float'(으)로 잘립니다.
d:\study\200115 ~ 200122 1주일 포폴\enemymanager.cpp(1457): warning C4305: '인수': 'double'에서 'float'(으)로 잘립니다.
d:\study\200115 ~ 200122 1주일 포폴\enemymanager.cpp(1458): warning C4305: '인수': 'double'에서 'float'(으)로 잘립니다.
d:\study\200115 ~ 200122 1주일 포폴\enemymanager.cpp(1459): warning C4305: '인수': 'double'에서 'float'(으)로 잘립니다.
d:\study\200115 ~ 200122 1주일 포폴\enemymanager.cpp(1460): warning C4305: '인수': 'double'에서 'float'(으)로 잘립니다.
d:\study\200115 ~ 200122 1주일 포폴\enemymanager.cpp(1461): warning C4305: '인수': 'double'에서 'float'(으)로 잘립니다.
d:\study\200115 ~ 200122 1주일 포폴\enemymanager.cpp(1462): warning C4305: '인수': 'double'에서 'float'(으)로 잘립니다.
d:\study\200115 ~ 200122 1주일 포폴\enemymanager.cpp(1465): warning C4305: '인수': 'double'에서 'float'(으)로 잘립니다.
d:\study\200115 ~ 200122 1주일 포폴\enemymanager.cpp(1466): warning C4305: '인수': 'double'에서 'float'(으)로 잘립니다.
d:\study\200115 ~ 200122 1주일 포폴\enemymanager.cpp(1467): warning C4305: '인수': 'double'에서 'float'(으)로 잘립니다.
d:\study\200115 ~ 200122 1주일 포폴\enemymanager.cpp(1468): warning C4305: '인수': 'double'에서 'float'(으)로 잘립니다.
d:\study\200115 ~ 200122 1주일 포폴\enemymanager.cpp(1469): warning C4305: '인수': 'double'에서 'float'(으)로 잘립니다.
d:\study\200115 ~ 200122 1주일 포폴\enemymanager.cpp(1470): warning C4305: '인수': 'double'에서 'float'(으)로 잘립니다.
d:\study\200115 ~ 200122 1주일 포폴\enemymanager.cpp(1471): warning C4305: '인수': 'double'에서 'float'(으)로 잘립니다.
d:\study\200115 ~ 200122 1주일 포폴\enemymanager.cpp(1472): warning C4305: '인수': 'double'에서 'float'(으)로 잘립니다.
d:\study\200115 ~ 200122 1주일 포폴\enemymanager.cpp(1473): warning C4305: '인수': 'double'에서 'float'(으)로 잘립니다.
d:\study\200115 ~ 200122 1주일 포폴\enemymanager.cpp(1474): warning C4305: '인수': 'double'에서 'float'(으)로 잘립니다.
d:\study\200115 ~ 200122 1주일 포폴\enemymanager.cpp(1475): warning C4305: '인수': 'double'에서 'float'(으)로 잘립니다.
d:\study\200115 ~ 200122 1주일 포폴\enemymanager.cpp(1478): warning C4305: '인수': 'double'에서 'float'(으)로 잘립니다.
d:\study\200115 ~ 200122 1주일 포폴\enemymanager.cpp(1479): warning C4305: '인수': 'double'에서 'float'(으)로 잘립니다.
d:\study\200115 ~ 200122 1주일 포폴\enemymanager.cpp(1480): warning C4305: '인수': 'double'에서 'float'(으)로 잘립니다.
d:\study\200115 ~ 200122 1주일 포폴\enemymanager.cpp(1481): warning C4305: '인수': 'double'에서 'float'(으)로 잘립니다.
d:\study\200115 ~ 200122 1주일 포폴\enemymanager.cpp(1482): warning C4305: '인수': 'double'에서 'float'(으)로 잘립니다.
d:\study\200115 ~ 200122 1주일 포폴\enemymanager.cpp(1483): warning C4305: '인수': 'double'에서 'float'(으)로 잘립니다.
d:\study\200115 ~ 200122 1주일 포폴\enemymanager.cpp(1484): warning C4305: '인수': 'double'에서 'float'(으)로 잘립니다.
d:\study\200115 ~ 200122 1주일 포폴\enemymanager.cpp(1485): warning C4305: '인수': 'double'에서 'float'(으)로 잘립니다.
d:\study\200115 ~ 200122 1주일 포폴\enemymanager.cpp(1486): warning C4305: '인수': 'double'에서 'float'(으)로 잘립니다.
d:\study\200115 ~ 200122 1주일 포폴\enemymanager.cpp(1487): warning C4305: '인수': 'double'에서 'float'(으)로 잘립니다.
d:\study\200115 ~ 200122 1주일 포폴\enemymanager.cpp(1488): warning C4305: '인수': 'double'에서 'float'(으)로 잘립니다.
d:\study\200115 ~ 200122 1주일 포폴\enemymanager.cpp(1491): warning C4305: '인수': 'double'에서 'float'(으)로 잘립니다.
d:\study\200115 ~ 200122 1주일 포폴\enemymanager.cpp(1492): warning C4305: '인수': 'double'에서 'float'(으)로 잘립니다.
d:\study\200115 ~ 200122 1주일 포폴\enemymanager.cpp(1493): warning C4305: '인수': 'double'에서 'float'(으)로 잘립니다.
d:\study\200115 ~ 200122 1주일 포폴\enemymanager.cpp(1494): warning C4305: '인수': 'double'에서 'float'(으)로 잘립니다.
d:\study\200115 ~ 200122 1주일 포폴\enemymanager.cpp(1495): warning C4305: '인수': 'double'에서 'float'(으)로 잘립니다.
d:\study\200115 ~ 200122 1주일 포폴\enemymanager.cpp(1496): warning C4305: '인수': 'double'에서 'float'(으)로 잘립니다.
d:\study\200115 ~ 200122 1주일 포폴\enemymanager.cpp(1497): warning C4305: '인수': 'double'에서 'float'(으)로 잘립니다.
d:\study\200115 ~ 200122 1주일 포폴\enemymanager.cpp(1498): warning C4305: '인수': 'double'에서 'float'(으)로 잘립니다.
d:\study\200115 ~ 200122 1주일 포폴\enemymanager.cpp(1499): warning C4305: '인수': 'double'에서 'float'(으)로 잘립니다.
d:\study\200115 ~ 200122 1주일 포폴\enemymanager.cpp(1500): warning C4305: '인수': 'double'에서 'float'(으)로 잘립니다.
d:\study\200115 ~ 200122 1주일 포폴\enemymanager.cpp(1501): warning C4305: '인수': 'double'에서 'float'(으)로 잘립니다.
d:\study\200115 ~ 200122 1주일 포폴\enemymanager.cpp(1507): warning C4244: '인수': 'LONG'에서 'float'(으)로 변환하면서 데이터가 손실될 수 있습니다.
d:\study\200115 ~ 200122 1주일 포폴\enemymanager.cpp(1508): warning C4305: '인수': 'double'에서 'float'(으)로 잘립니다.
d:\study\200115 ~ 200122 1주일 포폴\enemymanager.cpp(1508): warning C4244: '인수': 'LONG'에서 'float'(으)로 변환하면서 데이터가 손실될 수 있습니다.
d:\study\200115 ~ 200122 1주일 포폴\enemymanager.cpp(1509): warning C4305: '인수': 'double'에서 'float'(으)로 잘립니다.
d:\study\200115 ~ 200122 1주일 포폴\enemymanager.cpp(1509): warning C4244: '인수': 'LONG'에서 'float'(으)로 변환하면서 데이터가 손실될 수 있습니다.
d:\study\200115 ~ 200122 1주일 포폴\enemymanager.cpp(1510): warning C4305: '인수': 'double'에서 'float'(으)로 잘립니다.
d:\study\200115 ~ 200122 1주일 포폴\enemymanager.cpp(1510): warning C4244: '인수': 'LONG'에서 'float'(으)로 변환하면서 데이터가 손실될 수 있습니다.
d:\study\200115 ~ 200122 1주일 포폴\enemymanager.cpp(1511): warning C4305: '인수': 'double'에서 'float'(으)로 잘립니다.
d:\study\200115 ~ 200122 1주일 포폴\enemymanager.cpp(1511): warning C4244: '인수': 'LONG'에서 'float'(으)로 변환하면서 데이터가 손실될 수 있습니다.
d:\study\200115 ~ 200122 1주일 포폴\enemymanager.cpp(1512): warning C4305: '인수': 'double'에서 'float'(으)로 잘립니다.
d:\study\200115 ~ 200122 1주일 포폴\enemymanager.cpp(1512): warning C4244: '인수': 'LONG'에서 'float'(으)로 변환하면서 데이터가 손실될 수 있습니다.
d:\study\200115 ~ 200122 1주일 포폴\enemymanager.cpp(1513): warning C4305: '인수': 'double'에서 'float'(으)로 잘립니다.
d:\study\200115 ~ 200122 1주일 포폴\enemymanager.cpp(1513): warning C4244: '인수': 'LONG'에서 'float'(으)로 변환하면서 데이터가 손실될 수 있습니다.
d:\study\200115 ~ 200122 1주일 포폴\enemymanager.cpp(1514): warning C4305: '인수': 'double'에서 'float'(으)로 잘립니다.
d:\study\200115 ~ 200122 1주일 포폴\enemymanager.cpp(1514): warning C4244: '인수': 'LONG'에서 'float'(으)로 변환하면서 데이터가 손실될 수 있습니다.
d:\study\200115 ~ 200122 1주일 포폴\enemymanager.cpp(1515): warning C4305: '인수': 'double'에서 'float'(으)로 잘립니다.
d:\study\200115 ~ 200122 1주일 포폴\enemymanager.cpp(1515): warning C4244: '인수': 'LONG'에서 'float'(으)로 변환하면서 데이터가 손실될 수 있습니다.
d:\study\200115 ~ 200122 1주일 포폴\enemymanager.cpp(1516): warning C4305: '인수': 'double'에서 'float'(으)로 잘립니다.
d:\study\200115 ~ 200122 1주일 포폴\enemymanager.cpp(1516): warning C4244: '인수': 'LONG'에서 'float'(으)로 변환하면서 데이터가 손실될 수 있습니다.
d:\study\200115 ~ 200122 1주일 포폴\enemymanager.cpp(1517): warning C4305: '인수': 'double'에서 'float'(으)로 잘립니다.
d:\study\200115 ~ 200122 1주일 포폴\enemymanager.cpp(1517): warning C4244: '인수': 'LONG'에서 'float'(으)로 변환하면서 데이터가 손실될 수 있습니다.
d:\study\200115 ~ 200122 1주일 포폴\enemymanager.cpp(1518): warning C4305: '인수': 'double'에서 'float'(으)로 잘립니다.
d:\study\200115 ~ 200122 1주일 포폴\enemymanager.cpp(1518): warning C4244: '인수': 'LONG'에서 'float'(으)로 변환하면서 데이터가 손실될 수 있습니다.
d:\study\200115 ~ 200122 1주일 포폴\enemymanager.cpp(1523): warning C4244: '인수': 'LONG'에서 'float'(으)로 변환하면서 데이터가 손실될 수 있습니다.
d:\study\200115 ~ 200122 1주일 포폴\enemymanager.cpp(1524): warning C4305: '인수': 'double'에서 'float'(으)로 잘립니다.
d:\study\200115 ~ 200122 1주일 포폴\enemymanager.cpp(1524): warning C4244: '인수': 'LONG'에서 'float'(으)로 변환하면서 데이터가 손실될 수 있습니다.
d:\study\200115 ~ 200122 1주일 포폴\enemymanager.cpp(1525): warning C4305: '인수': 'double'에서 'float'(으)로 잘립니다.
d:\study\200115 ~ 200122 1주일 포폴\enemymanager.cpp(1525): warning C4244: '인수': 'LONG'에서 'float'(으)로 변환하면서 데이터가 손실될 수 있습니다.
d:\study\200115 ~ 200122 1주일 포폴\enemymanager.cpp(1526): warning C4305: '인수': 'double'에서 'float'(으)로 잘립니다.
d:\study\200115 ~ 200122 1주일 포폴\enemymanager.cpp(1526): warning C4244: '인수': 'LONG'에서 'float'(으)로 변환하면서 데이터가 손실될 수 있습니다.
d:\study\200115 ~ 200122 1주일 포폴\enemymanager.cpp(1527): warning C4305: '인수': 'double'에서 'float'(으)로 잘립니다.
d:\study\200115 ~ 200122 1주일 포폴\enemymanager.cpp(1527): warning C4244: '인수': 'LONG'에서 'float'(으)로 변환하면서 데이터가 손실될 수 있습니다.
d:\study\200115 ~ 200122 1주일 포폴\enemymanager.cpp(1528): warning C4305: '인수': 'double'에서 'float'(으)로 잘립니다.
d:\study\200115 ~ 200122 1주일 포폴\enemymanager.cpp(1528): warning C4244: '인수': 'LONG'에서 'float'(으)로 변환하면서 데이터가 손실될 수 있습니다.
d:\study\200115 ~ 200122 1주일 포폴\enemymanager.cpp(1529): warning C4305: '인수': 'double'에서 'float'(으)로 잘립니다.
d:\study\200115 ~ 200122 1주일 포폴\enemymanager.cpp(1529): warning C4244: '인수': 'LONG'에서 'float'(으)로 변환하면서 데이터가 손실될 수 있습니다.
d:\study\200115 ~ 200122 1주일 포폴\enemymanager.cpp(1530): warning C4305: '인수': 'double'에서 'float'(으)로 잘립니다.
d:\study\200115 ~ 200122 1주일 포폴\enemymanager.cpp(1530): warning C4244: '인수': 'LONG'에서 'float'(으)로 변환하면서 데이터가 손실될 수 있습니다.
d:\study\200115 ~ 200122 1주일 포폴\enemymanager.cpp(1531): warning C4305: '인수': 'double'에서 'float'(으)로 잘립니다.
d:\study\200115 ~ 200122 1주일 포폴\enemymanager.cpp(1531): warning C4244: '인수': 'LONG'에서 'float'(으)로 변환하면서 데이터가 손실될 수 있습니다.
d:\study\200115 ~ 200122 1주일 포폴\enemymanager.cpp(1532): warning C4305: '인수': 'double'에서 'float'(으)로 잘립니다.
d:\study\200115 ~ 200122 1주일 포폴\enemymanager.cpp(1532): warning C4244: '인수': 'LONG'에서 'float'(으)로 변환하면서 데이터가 손실될 수 있습니다.
d:\study\200115 ~ 200122 1주일 포폴\enemymanager.cpp(1533): warning C4305: '인수': 'double'에서 'float'(으)로 잘립니다.
d:\study\200115 ~ 200122 1주일 포폴\enemymanager.cpp(1533): warning C4244: '인수': 'LONG'에서 'float'(으)로 변환하면서 데이터가 손실될 수 있습니다.
d:\study\200115 ~ 200122 1주일 포폴\enemymanager.cpp(1534): warning C4305: '인수': 'double'에서 'float'(으)로 잘립니다.
d:\study\200115 ~ 200122 1주일 포폴\enemymanager.cpp(1534): warning C4244: '인수': 'LONG'에서 'float'(으)로 변환하면서 데이터가 손실될 수 있습니다.
d:\study\200115 ~ 200122 1주일 포폴\enemymanager.cpp(1539): warning C4244: '인수': 'LONG'에서 'float'(으)로 변환하면서 데이터가 손실될 수 있습니다.
d:\study\200115 ~ 200122 1주일 포폴\enemymanager.cpp(1540): warning C4305: '인수': 'double'에서 'float'(으)로 잘립니다.
d:\study\200115 ~ 200122 1주일 포폴\enemymanager.cpp(1540): warning C4244: '인수': 'LONG'에서 'float'(으)로 변환하면서 데이터가 손실될 수 있습니다.
d:\study\200115 ~ 200122 1주일 포폴\enemymanager.cpp(1541): warning C4305: '인수': 'double'에서 'float'(으)로 잘립니다.
d:\study\200115 ~ 200122 1주일 포폴\enemymanager.cpp(1541): warning C4244: '인수': 'LONG'에서 'float'(으)로 변환하면서 데이터가 손실될 수 있습니다.
d:\study\200115 ~ 200122 1주일 포폴\enemymanager.cpp(1542): warning C4305: '인수': 'double'에서 'float'(으)로 잘립니다.
d:\study\200115 ~ 200122 1주일 포폴\enemymanager.cpp(1542): warning C4244: '인수': 'LONG'에서 'float'(으)로 변환하면서 데이터가 손실될 수 있습니다.
d:\study\200115 ~ 200122 1주일 포폴\enemymanager.cpp(1543): warning C4305: '인수': 'double'에서 'float'(으)로 잘립니다.
d:\study\200115 ~ 200122 1주일 포폴\enemymanager.cpp(1543): warning C4244: '인수': 'LONG'에서 'float'(으)로 변환하면서 데이터가 손실될 수 있습니다.
d:\study\200115 ~ 200122 1주일 포폴\enemymanager.cpp(1544): warning C4305: '인수': 'double'에서 'float'(으)로 잘립니다.
d:\study\200115 ~ 200122 1주일 포폴\enemymanager.cpp(1544): warning C4244: '인수': 'LONG'에서 'float'(으)로 변환하면서 데이터가 손실될 수 있습니다.
d:\study\200115 ~ 200122 1주일 포폴\enemymanager.cpp(1545): warning C4305: '인수': 'double'에서 'float'(으)로 잘립니다.
d:\study\200115 ~ 200122 1주일 포폴\enemymanager.cpp(1545): warning C4244: '인수': 'LONG'에서 'float'(으)로 변환하면서 데이터가 손실될 수 있습니다.
d:\study\200115 ~ 200122 1주일 포폴\enemymanager.cpp(1546): warning C4305: '인수': 'double'에서 'float'(으)로 잘립니다.
d:\study\200115 ~ 200122 1주일 포폴\enemymanager.cpp(1546): warning C4244: '인수': 'LONG'에서 'float'(으)로 변환하면서 데이터가 손실될 수 있습니다.
d:\study\200115 ~ 200122 1주일 포폴\enemymanager.cpp(1547): warning C4305: '인수': 'double'에서 'float'(으)로 잘립니다.
d:\study\200115 ~ 200122 1주일 포폴\enemymanager.cpp(1547): warning C4244: '인수': 'LONG'에서 'float'(으)로 변환하면서 데이터가 손실될 수 있습니다.
d:\study\200115 ~ 200122 1주일 포폴\enemymanager.cpp(1548): warning C4305: '인수': 'double'에서 'float'(으)로 잘립니다.
d:\study\200115 ~ 200122 1주일 포폴\enemymanager.cpp(1548): warning C4244: '인수': 'LONG'에서 'float'(으)로 변환하면서 데이터가 손실될 수 있습니다.
d:\study\200115 ~ 200122 1주일 포폴\enemymanager.cpp(1549): warning C4305: '인수': 'double'에서 'float'(으)로 잘립니다.
d:\study\200115 ~ 200122 1주일 포폴\enemymanager.cpp(1549): warning C4244: '인수': 'LONG'에서 'float'(으)로 변환하면서 데이터가 손실될 수 있습니다.
d:\study\200115 ~ 200122 1주일 포폴\enemymanager.cpp(1550): warning C4305: '인수': 'double'에서 'float'(으)로 잘립니다.
d:\study\200115 ~ 200122 1주일 포폴\enemymanager.cpp(1550): warning C4244: '인수': 'LONG'에서 'float'(으)로 변환하면서 데이터가 손실될 수 있습니다.
d:\study\200115 ~ 200122 1주일 포폴\enemymanager.cpp(1555): warning C4244: '인수': 'LONG'에서 'float'(으)로 변환하면서 데이터가 손실될 수 있습니다.
d:\study\200115 ~ 200122 1주일 포폴\enemymanager.cpp(1556): warning C4305: '인수': 'double'에서 'float'(으)로 잘립니다.
d:\study\200115 ~ 200122 1주일 포폴\enemymanager.cpp(1556): warning C4244: '인수': 'LONG'에서 'float'(으)로 변환하면서 데이터가 손실될 수 있습니다.
d:\study\200115 ~ 200122 1주일 포폴\enemymanager.cpp(1557): warning C4305: '인수': 'double'에서 'float'(으)로 잘립니다.
d:\study\200115 ~ 200122 1주일 포폴\enemymanager.cpp(1557): warning C4244: '인수': 'LONG'에서 'float'(으)로 변환하면서 데이터가 손실될 수 있습니다.
d:\study\200115 ~ 200122 1주일 포폴\enemymanager.cpp(1558): warning C4305: '인수': 'double'에서 'float'(으)로 잘립니다.
d:\study\200115 ~ 200122 1주일 포폴\enemymanager.cpp(1558): warning C4244: '인수': 'LONG'에서 'float'(으)로 변환하면서 데이터가 손실될 수 있습니다.
d:\study\200115 ~ 200122 1주일 포폴\enemymanager.cpp(1559): warning C4305: '인수': 'double'에서 'float'(으)로 잘립니다.
d:\study\200115 ~ 200122 1주일 포폴\enemymanager.cpp(1559): warning C4244: '인수': 'LONG'에서 'float'(으)로 변환하면서 데이터가 손실될 수 있습니다.
d:\study\200115 ~ 200122 1주일 포폴\enemymanager.cpp(1560): warning C4305: '인수': 'double'에서 'float'(으)로 잘립니다.
d:\study\200115 ~ 200122 1주일 포폴\enemymanager.cpp(1560): warning C4244: '인수': 'LONG'에서 'float'(으)로 변환하면서 데이터가 손실될 수 있습니다.
d:\study\200115 ~ 200122 1주일 포폴\enemymanager.cpp(1561): warning C4305: '인수': 'double'에서 'float'(으)로 잘립니다.
d:\study\200115 ~ 200122 1주일 포폴\enemymanager.cpp(1561): warning C4244: '인수': 'LONG'에서 'float'(으)로 변환하면서 데이터가 손실될 수 있습니다.
d:\study\200115 ~ 200122 1주일 포폴\enemymanager.cpp(1562): warning C4305: '인수': 'double'에서 'float'(으)로 잘립니다.
d:\study\200115 ~ 200122 1주일 포폴\enemymanager.cpp(1562): warning C4244: '인수': 'LONG'에서 'float'(으)로 변환하면서 데이터가 손실될 수 있습니다.
d:\study\200115 ~ 200122 1주일 포폴\enemymanager.cpp(1563): warning C4305: '인수': 'double'에서 'float'(으)로 잘립니다.
d:\study\200115 ~ 200122 1주일 포폴\enemymanager.cpp(1563): warning C4244: '인수': 'LONG'에서 'float'(으)로 변환하면서 데이터가 손실될 수 있습니다.
d:\study\200115 ~ 200122 1주일 포폴\enemymanager.cpp(1564): warning C4305: '인수': 'double'에서 'float'(으)로 잘립니다.
d:\study\200115 ~ 200122 1주일 포폴\enemymanager.cpp(1564): warning C4244: '인수': 'LONG'에서 'float'(으)로 변환하면서 데이터가 손실될 수 있습니다.
d:\study\200115 ~ 200122 1주일 포폴\enemymanager.cpp(1565): warning C4305: '인수': 'double'에서 'float'(으)로 잘립니다.
d:\study\200115 ~ 200122 1주일 포폴\enemymanager.cpp(1565): warning C4244: '인수': 'LONG'에서 'float'(으)로 변환하면서 데이터가 손실될 수 있습니다.
d:\study\200115 ~ 200122 1주일 포폴\enemymanager.cpp(1566): warning C4305: '인수': 'double'에서 'float'(으)로 잘립니다.
d:\study\200115 ~ 200122 1주일 포폴\enemymanager.cpp(1566): warning C4244: '인수': 'LONG'에서 'float'(으)로 변환하면서 데이터가 손실될 수 있습니다.
d:\study\200115 ~ 200122 1주일 포폴\enemymanager.cpp(1571): warning C4244: '인수': 'LONG'에서 'float'(으)로 변환하면서 데이터가 손실될 수 있습니다.
d:\study\200115 ~ 200122 1주일 포폴\enemymanager.cpp(1572): warning C4305: '인수': 'double'에서 'float'(으)로 잘립니다.
d:\study\200115 ~ 200122 1주일 포폴\enemymanager.cpp(1572): warning C4244: '인수': 'LONG'에서 'float'(으)로 변환하면서 데이터가 손실될 수 있습니다.
d:\study\200115 ~ 200122 1주일 포폴\enemymanager.cpp(1573): warning C4305: '인수': 'double'에서 'float'(으)로 잘립니다.
d:\study\200115 ~ 200122 1주일 포폴\enemymanager.cpp(1573): warning C4244: '인수': 'LONG'에서 'float'(으)로 변환하면서 데이터가 손실될 수 있습니다.
d:\study\200115 ~ 200122 1주일 포폴\enemymanager.cpp(1574): warning C4305: '인수': 'double'에서 'float'(으)로 잘립니다.
d:\study\200115 ~ 200122 1주일 포폴\enemymanager.cpp(1574): warning C4244: '인수': 'LONG'에서 'float'(으)로 변환하면서 데이터가 손실될 수 있습니다.
d:\study\200115 ~ 200122 1주일 포폴\enemymanager.cpp(1575): warning C4305: '인수': 'double'에서 'float'(으)로 잘립니다.
d:\study\200115 ~ 200122 1주일 포폴\enemymanager.cpp(1575): warning C4244: '인수': 'LONG'에서 'float'(으)로 변환하면서 데이터가 손실될 수 있습니다.
d:\study\200115 ~ 200122 1주일 포폴\enemymanager.cpp(1576): warning C4305: '인수': 'double'에서 'float'(으)로 잘립니다.
d:\study\200115 ~ 200122 1주일 포폴\enemymanager.cpp(1576): warning C4244: '인수': 'LONG'에서 'float'(으)로 변환하면서 데이터가 손실될 수 있습니다.
d:\study\200115 ~ 200122 1주일 포폴\enemymanager.cpp(1577): warning C4305: '인수': 'double'에서 'float'(으)로 잘립니다.
d:\study\200115 ~ 200122 1주일 포폴\enemymanager.cpp(1577): warning C4244: '인수': 'LONG'에서 'float'(으)로 변환하면서 데이터가 손실될 수 있습니다.
d:\study\200115 ~ 200122 1주일 포폴\enemymanager.cpp(1578): warning C4305: '인수': 'double'에서 'float'(으)로 잘립니다.
d:\study\200115 ~ 200122 1주일 포폴\enemymanager.cpp(1578): warning C4244: '인수': 'LONG'에서 'float'(으)로 변환하면서 데이터가 손실될 수 있습니다.
d:\study\200115 ~ 200122 1주일 포폴\enemymanager.cpp(1579): warning C4305: '인수': 'double'에서 'float'(으)로 잘립니다.
d:\study\200115 ~ 200122 1주일 포폴\enemymanager.cpp(1579): warning C4244: '인수': 'LONG'에서 'float'(으)로 변환하면서 데이터가 손실될 수 있습니다.
d:\study\200115 ~ 200122 1주일 포폴\enemymanager.cpp(1580): warning C4305: '인수': 'double'에서 'float'(으)로 잘립니다.
d:\study\200115 ~ 200122 1주일 포폴\enemymanager.cpp(1580): warning C4244: '인수': 'LONG'에서 'float'(으)로 변환하면서 데이터가 손실될 수 있습니다.
d:\study\200115 ~ 200122 1주일 포폴\enemymanager.cpp(1581): warning C4305: '인수': 'double'에서 'float'(으)로 잘립니다.
d:\study\200115 ~ 200122 1주일 포폴\enemymanager.cpp(1581): warning C4244: '인수': 'LONG'에서 'float'(으)로 변환하면서 데이터가 손실될 수 있습니다.
d:\study\200115 ~ 200122 1주일 포폴\enemymanager.cpp(1582): warning C4305: '인수': 'double'에서 'float'(으)로 잘립니다.
d:\study\200115 ~ 200122 1주일 포폴\enemymanager.cpp(1582): warning C4244: '인수': 'LONG'에서 'float'(으)로 변환하면서 데이터가 손실될 수 있습니다.
d:\study\200115 ~ 200122 1주일 포폴\enemymanager.cpp(1587): warning C4244: '인수': 'LONG'에서 'float'(으)로 변환하면서 데이터가 손실될 수 있습니다.
d:\study\200115 ~ 200122 1주일 포폴\enemymanager.cpp(1588): warning C4305: '인수': 'double'에서 'float'(으)로 잘립니다.
d:\study\200115 ~ 200122 1주일 포폴\enemymanager.cpp(1588): warning C4244: '인수': 'LONG'에서 'float'(으)로 변환하면서 데이터가 손실될 수 있습니다.
d:\study\200115 ~ 200122 1주일 포폴\enemymanager.cpp(1589): warning C4305: '인수': 'double'에서 'float'(으)로 잘립니다.
d:\study\200115 ~ 200122 1주일 포폴\enemymanager.cpp(1589): warning C4244: '인수': 'LONG'에서 'float'(으)로 변환하면서 데이터가 손실될 수 있습니다.
d:\study\200115 ~ 200122 1주일 포폴\enemymanager.cpp(1590): warning C4305: '인수': 'double'에서 'float'(으)로 잘립니다.
d:\study\200115 ~ 200122 1주일 포폴\enemymanager.cpp(1590): warning C4244: '인수': 'LONG'에서 'float'(으)로 변환하면서 데이터가 손실될 수 있습니다.
d:\study\200115 ~ 200122 1주일 포폴\enemymanager.cpp(1591): warning C4305: '인수': 'double'에서 'float'(으)로 잘립니다.
d:\study\200115 ~ 200122 1주일 포폴\enemymanager.cpp(1591): warning C4244: '인수': 'LONG'에서 'float'(으)로 변환하면서 데이터가 손실될 수 있습니다.
d:\study\200115 ~ 200122 1주일 포폴\enemymanager.cpp(1592): warning C4305: '인수': 'double'에서 'float'(으)로 잘립니다.
d:\study\200115 ~ 200122 1주일 포폴\enemymanager.cpp(1592): warning C4244: '인수': 'LONG'에서 'float'(으)로 변환하면서 데이터가 손실될 수 있습니다.
d:\study\200115 ~ 200122 1주일 포폴\enemymanager.cpp(1593): warning C4305: '인수': 'double'에서 'float'(으)로 잘립니다.
d:\study\200115 ~ 200122 1주일 포폴\enemymanager.cpp(1593): warning C4244: '인수': 'LONG'에서 'float'(으)로 변환하면서 데이터가 손실될 수 있습니다.
d:\study\200115 ~ 200122 1주일 포폴\enemymanager.cpp(1594): warning C4305: '인수': 'double'에서 'float'(으)로 잘립니다.
d:\study\200115 ~ 200122 1주일 포폴\enemymanager.cpp(1594): warning C4244: '인수': 'LONG'에서 'float'(으)로 변환하면서 데이터가 손실될 수 있습니다.
d:\study\200115 ~ 200122 1주일 포폴\enemymanager.cpp(1595): warning C4305: '인수': 'double'에서 'float'(으)로 잘립니다.
d:\study\200115 ~ 200122 1주일 포폴\enemymanager.cpp(1595): warning C4244: '인수': 'LONG'에서 'float'(으)로 변환하면서 데이터가 손실될 수 있습니다.
d:\study\200115 ~ 200122 1주일 포폴\enemymanager.cpp(1596): warning C4305: '인수': 'double'에서 'float'(으)로 잘립니다.
d:\study\200115 ~ 200122 1주일 포폴\enemymanager.cpp(1596): warning C4244: '인수': 'LONG'에서 'float'(으)로 변환하면서 데이터가 손실될 수 있습니다.
d:\study\200115 ~ 200122 1주일 포폴\enemymanager.cpp(1597): warning C4305: '인수': 'double'에서 'float'(으)로 잘립니다.
d:\study\200115 ~ 200122 1주일 포폴\enemymanager.cpp(1597): warning C4244: '인수': 'LONG'에서 'float'(으)로 변환하면서 데이터가 손실될 수 있습니다.
d:\study\200115 ~ 200122 1주일 포폴\enemymanager.cpp(1598): warning C4305: '인수': 'double'에서 'float'(으)로 잘립니다.
d:\study\200115 ~ 200122 1주일 포폴\enemymanager.cpp(1598): warning C4244: '인수': 'LONG'에서 'float'(으)로 변환하면서 데이터가 손실될 수 있습니다.
d:\study\200115 ~ 200122 1주일 포폴\enemymanager.cpp(1603): warning C4244: '인수': 'LONG'에서 'float'(으)로 변환하면서 데이터가 손실될 수 있습니다.
d:\study\200115 ~ 200122 1주일 포폴\enemymanager.cpp(1604): warning C4305: '인수': 'double'에서 'float'(으)로 잘립니다.
d:\study\200115 ~ 200122 1주일 포폴\enemymanager.cpp(1604): warning C4244: '인수': 'LONG'에서 'float'(으)로 변환하면서 데이터가 손실될 수 있습니다.
d:\study\200115 ~ 200122 1주일 포폴\enemymanager.cpp(1605): warning C4305: '인수': 'double'에서 'float'(으)로 잘립니다.
d:\study\200115 ~ 200122 1주일 포폴\enemymanager.cpp(1605): warning C4244: '인수': 'LONG'에서 'float'(으)로 변환하면서 데이터가 손실될 수 있습니다.
d:\study\200115 ~ 200122 1주일 포폴\enemymanager.cpp(1606): warning C4305: '인수': 'double'에서 'float'(으)로 잘립니다.
d:\study\200115 ~ 200122 1주일 포폴\enemymanager.cpp(1606): warning C4244: '인수': 'LONG'에서 'float'(으)로 변환하면서 데이터가 손실될 수 있습니다.
d:\study\200115 ~ 200122 1주일 포폴\enemymanager.cpp(1607): warning C4305: '인수': 'double'에서 'float'(으)로 잘립니다.
d:\study\200115 ~ 200122 1주일 포폴\enemymanager.cpp(1607): warning C4244: '인수': 'LONG'에서 'float'(으)로 변환하면서 데이터가 손실될 수 있습니다.
d:\study\200115 ~ 200122 1주일 포폴\enemymanager.cpp(1608): warning C4305: '인수': 'double'에서 'float'(으)로 잘립니다.
d:\study\200115 ~ 200122 1주일 포폴\enemymanager.cpp(1608): warning C4244: '인수': 'LONG'에서 'float'(으)로 변환하면서 데이터가 손실될 수 있습니다.
d:\study\200115 ~ 200122 1주일 포폴\enemymanager.cpp(1609): warning C4305: '인수': 'double'에서 'float'(으)로 잘립니다.
d:\study\200115 ~ 200122 1주일 포폴\enemymanager.cpp(1609): warning C4244: '인수': 'LONG'에서 'float'(으)로 변환하면서 데이터가 손실될 수 있습니다.
d:\study\200115 ~ 200122 1주일 포폴\enemymanager.cpp(1610): warning C4305: '인수': 'double'에서 'float'(으)로 잘립니다.
d:\study\200115 ~ 200122 1주일 포폴\enemymanager.cpp(1610): warning C4244: '인수': 'LONG'에서 'float'(으)로 변환하면서 데이터가 손실될 수 있습니다.
d:\study\200115 ~ 200122 1주일 포폴\enemymanager.cpp(1611): warning C4305: '인수': 'double'에서 'float'(으)로 잘립니다.
d:\study\200115 ~ 200122 1주일 포폴\enemymanager.cpp(1611): warning C4244: '인수': 'LONG'에서 'float'(으)로 변환하면서 데이터가 손실될 수 있습니다.
d:\study\200115 ~ 200122 1주일 포폴\enemymanager.cpp(1612): warning C4305: '인수': 'double'에서 'float'(으)로 잘립니다.
d:\study\200115 ~ 200122 1주일 포폴\enemymanager.cpp(1612): warning C4244: '인수': 'LONG'에서 'float'(으)로 변환하면서 데이터가 손실될 수 있습니다.
d:\study\200115 ~ 200122 1주일 포폴\enemymanager.cpp(1613): warning C4305: '인수': 'double'에서 'float'(으)로 잘립니다.
d:\study\200115 ~ 200122 1주일 포폴\enemymanager.cpp(1613): warning C4244: '인수': 'LONG'에서 'float'(으)로 변환하면서 데이터가 손실될 수 있습니다.
d:\study\200115 ~ 200122 1주일 포폴\enemymanager.cpp(1614): warning C4305: '인수': 'double'에서 'float'(으)로 잘립니다.
d:\study\200115 ~ 200122 1주일 포폴\enemymanager.cpp(1614): warning C4244: '인수': 'LONG'에서 'float'(으)로 변환하면서 데이터가 손실될 수 있습니다.
d:\study\200115 ~ 200122 1주일 포폴\enemymanager.cpp(1619): warning C4244: '인수': 'LONG'에서 'float'(으)로 변환하면서 데이터가 손실될 수 있습니다.
d:\study\200115 ~ 200122 1주일 포폴\enemymanager.cpp(1620): warning C4305: '인수': 'double'에서 'float'(으)로 잘립니다.
d:\study\200115 ~ 200122 1주일 포폴\enemymanager.cpp(1620): warning C4244: '인수': 'LONG'에서 'float'(으)로 변환하면서 데이터가 손실될 수 있습니다.
d:\study\200115 ~ 200122 1주일 포폴\enemymanager.cpp(1621): warning C4305: '인수': 'double'에서 'float'(으)로 잘립니다.
d:\study\200115 ~ 200122 1주일 포폴\enemymanager.cpp(1621): warning C4244: '인수': 'LONG'에서 'float'(으)로 변환하면서 데이터가 손실될 수 있습니다.
d:\study\200115 ~ 200122 1주일 포폴\enemymanager.cpp(1622): warning C4305: '인수': 'double'에서 'float'(으)로 잘립니다.
d:\study\200115 ~ 200122 1주일 포폴\enemymanager.cpp(1622): warning C4244: '인수': 'LONG'에서 'float'(으)로 변환하면서 데이터가 손실될 수 있습니다.
d:\study\200115 ~ 200122 1주일 포폴\enemymanager.cpp(1623): warning C4305: '인수': 'double'에서 'float'(으)로 잘립니다.
d:\study\200115 ~ 200122 1주일 포폴\enemymanager.cpp(1623): warning C4244: '인수': 'LONG'에서 'float'(으)로 변환하면서 데이터가 손실될 수 있습니다.
d:\study\200115 ~ 200122 1주일 포폴\enemymanager.cpp(1624): warning C4305: '인수': 'double'에서 'float'(으)로 잘립니다.
d:\study\200115 ~ 200122 1주일 포폴\enemymanager.cpp(1624): warning C4244: '인수': 'LONG'에서 'float'(으)로 변환하면서 데이터가 손실될 수 있습니다.
d:\study\200115 ~ 200122 1주일 포폴\enemymanager.cpp(1625): warning C4305: '인수': 'double'에서 'float'(으)로 잘립니다.
d:\study\200115 ~ 200122 1주일 포폴\enemymanager.cpp(1625): warning C4244: '인수': 'LONG'에서 'float'(으)로 변환하면서 데이터가 손실될 수 있습니다.
d:\study\200115 ~ 200122 1주일 포폴\enemymanager.cpp(1626): warning C4305: '인수': 'double'에서 'float'(으)로 잘립니다.
d:\study\200115 ~ 200122 1주일 포폴\enemymanager.cpp(1626): warning C4244: '인수': 'LONG'에서 'float'(으)로 변환하면서 데이터가 손실될 수 있습니다.
d:\study\200115 ~ 200122 1주일 포폴\enemymanager.cpp(1627): warning C4305: '인수': 'double'에서 'float'(으)로 잘립니다.
d:\study\200115 ~ 200122 1주일 포폴\enemymanager.cpp(1627): warning C4244: '인수': 'LONG'에서 'float'(으)로 변환하면서 데이터가 손실될 수 있습니다.
d:\study\200115 ~ 200122 1주일 포폴\enemymanager.cpp(1628): warning C4305: '인수': 'double'에서 'float'(으)로 잘립니다.
d:\study\200115 ~ 200122 1주일 포폴\enemymanager.cpp(1628): warning C4244: '인수': 'LONG'에서 'float'(으)로 변환하면서 데이터가 손실될 수 있습니다.
d:\study\200115 ~ 200122 1주일 포폴\enemymanager.cpp(1629): warning C4305: '인수': 'double'에서 'float'(으)로 잘립니다.
d:\study\200115 ~ 200122 1주일 포폴\enemymanager.cpp(1629): warning C4244: '인수': 'LONG'에서 'float'(으)로 변환하면서 데이터가 손실될 수 있습니다.
d:\study\200115 ~ 200122 1주일 포폴\enemymanager.cpp(1630): warning C4305: '인수': 'double'에서 'float'(으)로 잘립니다.
d:\study\200115 ~ 200122 1주일 포폴\enemymanager.cpp(1630): warning C4244: '인수': 'LONG'에서 'float'(으)로 변환하면서 데이터가 손실될 수 있습니다.
d:\study\200115 ~ 200122 1주일 포폴\enemymanager.cpp(1635): warning C4244: '인수': 'LONG'에서 'float'(으)로 변환하면서 데이터가 손실될 수 있습니다.
d:\study\200115 ~ 200122 1주일 포폴\enemymanager.cpp(1636): warning C4244: '인수': 'LONG'에서 'float'(으)로 변환하면서 데이터가 손실될 수 있습니다.
d:\study\200115 ~ 200122 1주일 포폴\enemymanager.cpp(1641): warning C4244: '인수': 'LONG'에서 'float'(으)로 변환하면서 데이터가 손실될 수 있습니다.
d:\study\200115 ~ 200122 1주일 포폴\enemymanager.cpp(1642): warning C4305: '인수': 'double'에서 'float'(으)로 잘립니다.
d:\study\200115 ~ 200122 1주일 포폴\enemymanager.cpp(1642): warning C4244: '인수': 'LONG'에서 'float'(으)로 변환하면서 데이터가 손실될 수 있습니다.
d:\study\200115 ~ 200122 1주일 포폴\enemymanager.cpp(1643): warning C4305: '인수': 'double'에서 'float'(으)로 잘립니다.
d:\study\200115 ~ 200122 1주일 포폴\enemymanager.cpp(1643): warning C4244: '인수': 'LONG'에서 'float'(으)로 변환하면서 데이터가 손실될 수 있습니다.
d:\study\200115 ~ 200122 1주일 포폴\enemymanager.cpp(1644): warning C4305: '인수': 'double'에서 'float'(으)로 잘립니다.
d:\study\200115 ~ 200122 1주일 포폴\enemymanager.cpp(1644): warning C4244: '인수': 'LONG'에서 'float'(으)로 변환하면서 데이터가 손실될 수 있습니다.
d:\study\200115 ~ 200122 1주일 포폴\enemymanager.cpp(1645): warning C4305: '인수': 'double'에서 'float'(으)로 잘립니다.
d:\study\200115 ~ 200122 1주일 포폴\enemymanager.cpp(1645): warning C4244: '인수': 'LONG'에서 'float'(으)로 변환하면서 데이터가 손실될 수 있습니다.
d:\study\200115 ~ 200122 1주일 포폴\enemymanager.cpp(1646): warning C4305: '인수': 'double'에서 'float'(으)로 잘립니다.
d:\study\200115 ~ 200122 1주일 포폴\enemymanager.cpp(1646): warning C4244: '인수': 'LONG'에서 'float'(으)로 변환하면서 데이터가 손실될 수 있습니다.
d:\study\200115 ~ 200122 1주일 포폴\enemymanager.cpp(1647): warning C4305: '인수': 'double'에서 'float'(으)로 잘립니다.
d:\study\200115 ~ 200122 1주일 포폴\enemymanager.cpp(1647): warning C4244: '인수': 'LONG'에서 'float'(으)로 변환하면서 데이터가 손실될 수 있습니다.
d:\study\200115 ~ 200122 1주일 포폴\enemymanager.cpp(1648): warning C4305: '인수': 'double'에서 'float'(으)로 잘립니다.
d:\study\200115 ~ 200122 1주일 포폴\enemymanager.cpp(1648): warning C4244: '인수': 'LONG'에서 'float'(으)로 변환하면서 데이터가 손실될 수 있습니다.
d:\study\200115 ~ 200122 1주일 포폴\enemymanager.cpp(1649): warning C4305: '인수': 'double'에서 'float'(으)로 잘립니다.
d:\study\200115 ~ 200122 1주일 포폴\enemymanager.cpp(1649): warning C4244: '인수': 'LONG'에서 'float'(으)로 변환하면서 데이터가 손실될 수 있습니다.
d:\study\200115 ~ 200122 1주일 포폴\enemymanager.cpp(1650): warning C4305: '인수': 'double'에서 'float'(으)로 잘립니다.
d:\study\200115 ~ 200122 1주일 포폴\enemymanager.cpp(1650): warning C4244: '인수': 'LONG'에서 'float'(으)로 변환하면서 데이터가 손실될 수 있습니다.
d:\study\200115 ~ 200122 1주일 포폴\enemymanager.cpp(1651): warning C4305: '인수': 'double'에서 'float'(으)로 잘립니다.
d:\study\200115 ~ 200122 1주일 포폴\enemymanager.cpp(1651): warning C4244: '인수': 'LONG'에서 'float'(으)로 변환하면서 데이터가 손실될 수 있습니다.
d:\study\200115 ~ 200122 1주일 포폴\enemymanager.cpp(1652): warning C4305: '인수': 'double'에서 'float'(으)로 잘립니다.
d:\study\200115 ~ 200122 1주일 포폴\enemymanager.cpp(1652): warning C4244: '인수': 'LONG'에서 'float'(으)로 변환하면서 데이터가 손실될 수 있습니다.
d:\study\200115 ~ 200122 1주일 포폴\enemymanager.cpp(1657): warning C4244: '인수': 'LONG'에서 'float'(으)로 변환하면서 데이터가 손실될 수 있습니다.
d:\study\200115 ~ 200122 1주일 포폴\enemymanager.cpp(1658): warning C4305: '인수': 'double'에서 'float'(으)로 잘립니다.
d:\study\200115 ~ 200122 1주일 포폴\enemymanager.cpp(1658): warning C4244: '인수': 'LONG'에서 'float'(으)로 변환하면서 데이터가 손실될 수 있습니다.
d:\study\200115 ~ 200122 1주일 포폴\enemymanager.cpp(1659): warning C4305: '인수': 'double'에서 'float'(으)로 잘립니다.
d:\study\200115 ~ 200122 1주일 포폴\enemymanager.cpp(1659): warning C4244: '인수': 'LONG'에서 'float'(으)로 변환하면서 데이터가 손실될 수 있습니다.
d:\study\200115 ~ 200122 1주일 포폴\enemymanager.cpp(1660): warning C4305: '인수': 'double'에서 'float'(으)로 잘립니다.
d:\study\200115 ~ 200122 1주일 포폴\enemymanager.cpp(1660): warning C4244: '인수': 'LONG'에서 'float'(으)로 변환하면서 데이터가 손실될 수 있습니다.
d:\study\200115 ~ 200122 1주일 포폴\enemymanager.cpp(1661): warning C4305: '인수': 'double'에서 'float'(으)로 잘립니다.
d:\study\200115 ~ 200122 1주일 포폴\enemymanager.cpp(1661): warning C4244: '인수': 'LONG'에서 'float'(으)로 변환하면서 데이터가 손실될 수 있습니다.
d:\study\200115 ~ 200122 1주일 포폴\enemymanager.cpp(1662): warning C4305: '인수': 'double'에서 'float'(으)로 잘립니다.
d:\study\200115 ~ 200122 1주일 포폴\enemymanager.cpp(1662): warning C4244: '인수': 'LONG'에서 'float'(으)로 변환하면서 데이터가 손실될 수 있습니다.
d:\study\200115 ~ 200122 1주일 포폴\enemymanager.cpp(1663): warning C4305: '인수': 'double'에서 'float'(으)로 잘립니다.
d:\study\200115 ~ 200122 1주일 포폴\enemymanager.cpp(1663): warning C4244: '인수': 'LONG'에서 'float'(으)로 변환하면서 데이터가 손실될 수 있습니다.
d:\study\200115 ~ 200122 1주일 포폴\enemymanager.cpp(1664): warning C4305: '인수': 'double'에서 'float'(으)로 잘립니다.
d:\study\200115 ~ 200122 1주일 포폴\enemymanager.cpp(1664): warning C4244: '인수': 'LONG'에서 'float'(으)로 변환하면서 데이터가 손실될 수 있습니다.
d:\study\200115 ~ 200122 1주일 포폴\enemymanager.cpp(1665): warning C4305: '인수': 'double'에서 'float'(으)로 잘립니다.
d:\study\200115 ~ 200122 1주일 포폴\enemymanager.cpp(1665): warning C4244: '인수': 'LONG'에서 'float'(으)로 변환하면서 데이터가 손실될 수 있습니다.
d:\study\200115 ~ 200122 1주일 포폴\enemymanager.cpp(1666): warning C4305: '인수': 'double'에서 'float'(으)로 잘립니다.
d:\study\200115 ~ 200122 1주일 포폴\enemymanager.cpp(1666): warning C4244: '인수': 'LONG'에서 'float'(으)로 변환하면서 데이터가 손실될 수 있습니다.
d:\study\200115 ~ 200122 1주일 포폴\enemymanager.cpp(1667): warning C4305: '인수': 'double'에서 'float'(으)로 잘립니다.
d:\study\200115 ~ 200122 1주일 포폴\enemymanager.cpp(1667): warning C4244: '인수': 'LONG'에서 'float'(으)로 변환하면서 데이터가 손실될 수 있습니다.
d:\study\200115 ~ 200122 1주일 포폴\enemymanager.cpp(1668): warning C4305: '인수': 'double'에서 'float'(으)로 잘립니다.
d:\study\200115 ~ 200122 1주일 포폴\enemymanager.cpp(1668): warning C4244: '인수': 'LONG'에서 'float'(으)로 변환하면서 데이터가 손실될 수 있습니다.
d:\study\200115 ~ 200122 1주일 포폴\enemymanager.cpp(1674): warning C4244: '인수': 'int'에서 'float'(으)로 변환하면서 데이터가 손실될 수 있습니다.
d:\study\200115 ~ 200122 1주일 포폴\enemymanager.cpp(1673): warning C4244: '인수': 'LONG'에서 'float'(으)로 변환하면서 데이터가 손실될 수 있습니다.
d:\study\200115 ~ 200122 1주일 포폴\enemymanager.cpp(1676): warning C4244: '인수': 'int'에서 'float'(으)로 변환하면서 데이터가 손실될 수 있습니다.
d:\study\200115 ~ 200122 1주일 포폴\enemymanager.cpp(1675): warning C4244: '인수': 'LONG'에서 'float'(으)로 변환하면서 데이터가 손실될 수 있습니다.
d:\study\200115 ~ 200122 1주일 포폴\enemymanager.cpp(1681): warning C4305: '인수': 'double'에서 'float'(으)로 잘립니다.
d:\study\200115 ~ 200122 1주일 포폴\enemymanager.cpp(1681): warning C4244: '인수': 'LONG'에서 'float'(으)로 변환하면서 데이터가 손실될 수 있습니다.
d:\study\200115 ~ 200122 1주일 포폴\enemymanager.cpp(1682): warning C4305: '인수': 'double'에서 'float'(으)로 잘립니다.
d:\study\200115 ~ 200122 1주일 포폴\enemymanager.cpp(1682): warning C4244: '인수': 'LONG'에서 'float'(으)로 변환하면서 데이터가 손실될 수 있습니다.
d:\study\200115 ~ 200122 1주일 포폴\enemymanager.cpp(1683): warning C4305: '인수': 'double'에서 'float'(으)로 잘립니다.
d:\study\200115 ~ 200122 1주일 포폴\enemymanager.cpp(1683): warning C4244: '인수': 'LONG'에서 'float'(으)로 변환하면서 데이터가 손실될 수 있습니다.
d:\study\200115 ~ 200122 1주일 포폴\enemymanager.cpp(1684): warning C4305: '인수': 'double'에서 'float'(으)로 잘립니다.
d:\study\200115 ~ 200122 1주일 포폴\enemymanager.cpp(1684): warning C4244: '인수': 'LONG'에서 'float'(으)로 변환하면서 데이터가 손실될 수 있습니다.
d:\study\200115 ~ 200122 1주일 포폴\enemymanager.cpp(1685): warning C4305: '인수': 'double'에서 'float'(으)로 잘립니다.
d:\study\200115 ~ 200122 1주일 포폴\enemymanager.cpp(1685): warning C4244: '인수': 'LONG'에서 'float'(으)로 변환하면서 데이터가 손실될 수 있습니다.
d:\study\200115 ~ 200122 1주일 포폴\enemymanager.cpp(1686): warning C4305: '인수': 'double'에서 'float'(으)로 잘립니다.
d:\study\200115 ~ 200122 1주일 포폴\enemymanager.cpp(1686): warning C4244: '인수': 'LONG'에서 'float'(으)로 변환하면서 데이터가 손실될 수 있습니다.
d:\study\200115 ~ 200122 1주일 포폴\enemymanager.cpp(1687): warning C4305: '인수': 'double'에서 'float'(으)로 잘립니다.
d:\study\200115 ~ 200122 1주일 포폴\enemymanager.cpp(1687): warning C4244: '인수': 'LONG'에서 'float'(으)로 변환하면서 데이터가 손실될 수 있습니다.
d:\study\200115 ~ 200122 1주일 포폴\enemymanager.cpp(1690): warning C4305: '인수': 'double'에서 'float'(으)로 잘립니다.
d:\study\200115 ~ 200122 1주일 포폴\enemymanager.cpp(1690): warning C4244: '인수': 'LONG'에서 'float'(으)로 변환하면서 데이터가 손실될 수 있습니다.
d:\study\200115 ~ 200122 1주일 포폴\enemymanager.cpp(1691): warning C4305: '인수': 'double'에서 'float'(으)로 잘립니다.
d:\study\200115 ~ 200122 1주일 포폴\enemymanager.cpp(1691): warning C4244: '인수': 'LONG'에서 'float'(으)로 변환하면서 데이터가 손실될 수 있습니다.
d:\study\200115 ~ 200122 1주일 포폴\enemymanager.cpp(1692): warning C4305: '인수': 'double'에서 'float'(으)로 잘립니다.
d:\study\200115 ~ 200122 1주일 포폴\enemymanager.cpp(1692): warning C4244: '인수': 'LONG'에서 'float'(으)로 변환하면서 데이터가 손실될 수 있습니다.
d:\study\200115 ~ 200122 1주일 포폴\enemymanager.cpp(1693): warning C4305: '인수': 'double'에서 'float'(으)로 잘립니다.
d:\study\200115 ~ 200122 1주일 포폴\enemymanager.cpp(1693): warning C4244: '인수': 'LONG'에서 'float'(으)로 변환하면서 데이터가 손실될 수 있습니다.
d:\study\200115 ~ 200122 1주일 포폴\enemymanager.cpp(1694): warning C4305: '인수': 'double'에서 'float'(으)로 잘립니다.
d:\study\200115 ~ 200122 1주일 포폴\enemymanager.cpp(1694): warning C4244: '인수': 'LONG'에서 'float'(으)로 변환하면서 데이터가 손실될 수 있습니다.
d:\study\200115 ~ 200122 1주일 포폴\enemymanager.cpp(1695): warning C4305: '인수': 'double'에서 'float'(으)로 잘립니다.
d:\study\200115 ~ 200122 1주일 포폴\enemymanager.cpp(1695): warning C4244: '인수': 'LONG'에서 'float'(으)로 변환하면서 데이터가 손실될 수 있습니다.
d:\study\200115 ~ 200122 1주일 포폴\enemymanager.cpp(1696): warning C4305: '인수': 'double'에서 'float'(으)로 잘립니다.
d:\study\200115 ~ 200122 1주일 포폴\enemymanager.cpp(1696): warning C4244: '인수': 'LONG'에서 'float'(으)로 변환하면서 데이터가 손실될 수 있습니다.
d:\study\200115 ~ 200122 1주일 포폴\enemymanager.cpp(1703): warning C4305: '인수': 'double'에서 'float'(으)로 잘립니다.
d:\study\200115 ~ 200122 1주일 포폴\enemymanager.cpp(1704): warning C4305: '인수': 'double'에서 'float'(으)로 잘립니다.
d:\study\200115 ~ 200122 1주일 포폴\enemymanager.cpp(1705): warning C4305: '인수': 'double'에서 'float'(으)로 잘립니다.
d:\study\200115 ~ 200122 1주일 포폴\enemymanager.cpp(1706): warning C4305: '인수': 'double'에서 'float'(으)로 잘립니다.
d:\study\200115 ~ 200122 1주일 포폴\enemymanager.cpp(1707): warning C4305: '인수': 'double'에서 'float'(으)로 잘립니다.
d:\study\200115 ~ 200122 1주일 포폴\enemymanager.cpp(1708): warning C4305: '인수': 'double'에서 'float'(으)로 잘립니다.
d:\study\200115 ~ 200122 1주일 포폴\enemymanager.cpp(1709): warning C4305: '인수': 'double'에서 'float'(으)로 잘립니다.
d:\study\200115 ~ 200122 1주일 포폴\enemymanager.cpp(1710): warning C4305: '인수': 'double'에서 'float'(으)로 잘립니다.
d:\study\200115 ~ 200122 1주일 포폴\enemymanager.cpp(1711): warning C4305: '인수': 'double'에서 'float'(으)로 잘립니다.
d:\study\200115 ~ 200122 1주일 포폴\enemymanager.cpp(1712): warning C4305: '인수': 'double'에서 'float'(으)로 잘립니다.
d:\study\200115 ~ 200122 1주일 포폴\enemymanager.cpp(1713): warning C4305: '인수': 'double'에서 'float'(으)로 잘립니다.
d:\study\200115 ~ 200122 1주일 포폴\enemymanager.cpp(1714): warning C4305: '인수': 'double'에서 'float'(으)로 잘립니다.
d:\study\200115 ~ 200122 1주일 포폴\enemymanager.cpp(1717): warning C4244: '인수': 'LONG'에서 'float'(으)로 변환하면서 데이터가 손실될 수 있습니다.
d:\study\200115 ~ 200122 1주일 포폴\enemymanager.cpp(1718): warning C4305: '인수': 'double'에서 'float'(으)로 잘립니다.
d:\study\200115 ~ 200122 1주일 포폴\enemymanager.cpp(1718): warning C4244: '인수': 'LONG'에서 'float'(으)로 변환하면서 데이터가 손실될 수 있습니다.
d:\study\200115 ~ 200122 1주일 포폴\enemymanager.cpp(1719): warning C4305: '인수': 'double'에서 'float'(으)로 잘립니다.
d:\study\200115 ~ 200122 1주일 포폴\enemymanager.cpp(1719): warning C4244: '인수': 'LONG'에서 'float'(으)로 변환하면서 데이터가 손실될 수 있습니다.
d:\study\200115 ~ 200122 1주일 포폴\enemymanager.cpp(1720): warning C4305: '인수': 'double'에서 'float'(으)로 잘립니다.
d:\study\200115 ~ 200122 1주일 포폴\enemymanager.cpp(1720): warning C4244: '인수': 'LONG'에서 'float'(으)로 변환하면서 데이터가 손실될 수 있습니다.
d:\study\200115 ~ 200122 1주일 포폴\enemymanager.cpp(1721): warning C4305: '인수': 'double'에서 'float'(으)로 잘립니다.
d:\study\200115 ~ 200122 1주일 포폴\enemymanager.cpp(1721): warning C4244: '인수': 'LONG'에서 'float'(으)로 변환하면서 데이터가 손실될 수 있습니다.
d:\study\200115 ~ 200122 1주일 포폴\enemymanager.cpp(1722): warning C4305: '인수': 'double'에서 'float'(으)로 잘립니다.
d:\study\200115 ~ 200122 1주일 포폴\enemymanager.cpp(1722): warning C4244: '인수': 'LONG'에서 'float'(으)로 변환하면서 데이터가 손실될 수 있습니다.
d:\study\200115 ~ 200122 1주일 포폴\enemymanager.cpp(1723): warning C4305: '인수': 'double'에서 'float'(으)로 잘립니다.
d:\study\200115 ~ 200122 1주일 포폴\enemymanager.cpp(1723): warning C4244: '인수': 'LONG'에서 'float'(으)로 변환하면서 데이터가 손실될 수 있습니다.
d:\study\200115 ~ 200122 1주일 포폴\enemymanager.cpp(1724): warning C4305: '인수': 'double'에서 'float'(으)로 잘립니다.
d:\study\200115 ~ 200122 1주일 포폴\enemymanager.cpp(1724): warning C4244: '인수': 'LONG'에서 'float'(으)로 변환하면서 데이터가 손실될 수 있습니다.
d:\study\200115 ~ 200122 1주일 포폴\enemymanager.cpp(1725): warning C4305: '인수': 'double'에서 'float'(으)로 잘립니다.
d:\study\200115 ~ 200122 1주일 포폴\enemymanager.cpp(1725): warning C4244: '인수': 'LONG'에서 'float'(으)로 변환하면서 데이터가 손실될 수 있습니다.
d:\study\200115 ~ 200122 1주일 포폴\enemymanager.cpp(1726): warning C4305: '인수': 'double'에서 'float'(으)로 잘립니다.
d:\study\200115 ~ 200122 1주일 포폴\enemymanager.cpp(1726): warning C4244: '인수': 'LONG'에서 'float'(으)로 변환하면서 데이터가 손실될 수 있습니다.
d:\study\200115 ~ 200122 1주일 포폴\enemymanager.cpp(1727): warning C4305: '인수': 'double'에서 'float'(으)로 잘립니다.
d:\study\200115 ~ 200122 1주일 포폴\enemymanager.cpp(1727): warning C4244: '인수': 'LONG'에서 'float'(으)로 변환하면서 데이터가 손실될 수 있습니다.
d:\study\200115 ~ 200122 1주일 포폴\enemymanager.cpp(1728): warning C4305: '인수': 'double'에서 'float'(으)로 잘립니다.
d:\study\200115 ~ 200122 1주일 포폴\enemymanager.cpp(1728): warning C4244: '인수': 'LONG'에서 'float'(으)로 변환하면서 데이터가 손실될 수 있습니다.
d:\study\200115 ~ 200122 1주일 포폴\enemymanager.cpp(1730): warning C4244: '인수': 'LONG'에서 'float'(으)로 변환하면서 데이터가 손실될 수 있습니다.
d:\study\200115 ~ 200122 1주일 포폴\enemymanager.cpp(1731): warning C4244: '인수': 'LONG'에서 'float'(으)로 변환하면서 데이터가 손실될 수 있습니다.
  gameNode.cpp
d:\study\200115 ~ 200122 1주일 포폴\gamenode.cpp(87): warning C4101: 'hdc' :참조되지 않은 지역 변수입니다.
d:\study\200115 ~ 200122 1주일 포폴\gamenode.cpp(86): warning C4101: 'ps' :참조되지 않은 지역 변수입니다.
  gameScene.cpp
d:\study\200115 ~ 200122 1주일 포폴\enemybase.h(33): warning C4244: 'return': 'LONG'에서 'float'(으)로 변환하면서 데이터가 손실될 수 있습니다.
d:\study\200115 ~ 200122 1주일 포폴\enemybase.h(34): warning C4244: 'return': 'LONG'에서 'float'(으)로 변환하면서 데이터가 손실될 수 있습니다.
d:\study\200115 ~ 200122 1주일 포폴\gamescene.cpp(159): warning C4244: '인수': 'float'에서 'int'(으)로 변환하면서 데이터가 손실될 수 있습니다.
  greenMinion.cpp
d:\study\200115 ~ 200122 1주일 포폴\enemybase.h(33): warning C4244: 'return': 'LONG'에서 'float'(으)로 변환하면서 데이터가 손실될 수 있습니다.
d:\study\200115 ~ 200122 1주일 포폴\enemybase.h(34): warning C4244: 'return': 'LONG'에서 'float'(으)로 변환하면서 데이터가 손실될 수 있습니다.
d:\study\200115 ~ 200122 1주일 포폴\greenminion.cpp(29): warning C4244: '=': 'LONG'에서 'float'(으)로 변환하면서 데이터가 손실될 수 있습니다.
d:\study\200115 ~ 200122 1주일 포폴\greenminion.cpp(30): warning C4244: '=': 'LONG'에서 'float'(으)로 변환하면서 데이터가 손실될 수 있습니다.
  image.cpp
d:\study\200115 ~ 200122 1주일 포폴\image.cpp(108): warning C4267: '초기화 중': 'size_t'에서 'int'(으)로 변환하면서 데이터가 손실될 수 있습니다.
d:\study\200115 ~ 200122 1주일 포폴\image.cpp(167): warning C4267: '초기화 중': 'size_t'에서 'int'(으)로 변환하면서 데이터가 손실될 수 있습니다.
d:\study\200115 ~ 200122 1주일 포폴\image.cpp(236): warning C4267: '초기화 중': 'size_t'에서 'int'(으)로 변환하면서 데이터가 손실될 수 있습니다.
d:\study\200115 ~ 200122 1주일 포폴\image.cpp(308): warning C4267: '초기화 중': 'size_t'에서 'int'(으)로 변환하면서 데이터가 손실될 수 있습니다.
d:\study\200115 ~ 200122 1주일 포폴\image.cpp(654): warning C4244: '인수': 'float'에서 'int'(으)로 변환하면서 데이터가 손실될 수 있습니다.
d:\study\200115 ~ 200122 1주일 포폴\image.cpp(659): warning C4244: '인수': 'float'에서 'int'(으)로 변환하면서 데이터가 손실될 수 있습니다.
d:\study\200115 ~ 200122 1주일 포폴\image.cpp(666): warning C4244: '인수': 'float'에서 'int'(으)로 변환하면서 데이터가 손실될 수 있습니다.
  imageManager.cpp
  introScene.cpp
  keyManager.cpp
  mainGame.cpp
d:\study\200115 ~ 200122 1주일 포폴\enemybase.h(33): warning C4244: 'return': 'LONG'에서 'float'(으)로 변환하면서 데이터가 손실될 수 있습니다.
d:\study\200115 ~ 200122 1주일 포폴\enemybase.h(34): warning C4244: 'return': 'LONG'에서 'float'(으)로 변환하면서 데이터가 손실될 수 있습니다.
  redMinion.cpp
d:\study\200115 ~ 200122 1주일 포폴\enemybase.h(33): warning C4244: 'return': 'LONG'에서 'float'(으)로 변환하면서 데이터가 손실될 수 있습니다.
d:\study\200115 ~ 200122 1주일 포폴\enemybase.h(34): warning C4244: 'return': 'LONG'에서 'float'(으)로 변환하면서 데이터가 손실될 수 있습니다.
d:\study\200115 ~ 200122 1주일 포폴\redminion.cpp(33): warning C4244: '=': 'LONG'에서 'float'(으)로 변환하면서 데이터가 손실될 수 있습니다.
d:\study\200115 ~ 200122 1주일 포폴\redminion.cpp(34): warning C4244: '=': 'LONG'에서 'float'(으)로 변환하면서 데이터가 손실될 수 있습니다.
  objectPool.cpp
  player.cpp
d:\study\200115 ~ 200122 1주일 포폴\enemybase.h(33): warning C4244: 'return': 'LONG'에서 'float'(으)로 변환하면서 데이터가 손실될 수 있습니다.
d:\study\200115 ~ 200122 1주일 포폴\enemybase.h(34): warning C4244: 'return': 'LONG'에서 'float'(으)로 변환하면서 데이터가 손실될 수 있습니다.
d:\study\200115 ~ 200122 1주일 포폴\player.cpp(167): warning C4244: '인수': 'LONG'에서 'float'(으)로 변환하면서 데이터가 손실될 수 있습니다.
d:\study\200115 ~ 200122 1주일 포폴\player.cpp(174): warning C4244: '인수': 'LONG'에서 'float'(으)로 변환하면서 데이터가 손실될 수 있습니다.
d:\study\200115 ~ 200122 1주일 포폴\player.cpp(179): warning C4244: '인수': 'LONG'에서 'float'(으)로 변환하면서 데이터가 손실될 수 있습니다.
d:\study\200115 ~ 200122 1주일 포폴\player.cpp(178): warning C4244: '인수': 'LONG'에서 'float'(으)로 변환하면서 데이터가 손실될 수 있습니다.
d:\study\200115 ~ 200122 1주일 포폴\player.cpp(184): warning C4244: '인수': 'LONG'에서 'float'(으)로 변환하면서 데이터가 손실될 수 있습니다.
d:\study\200115 ~ 200122 1주일 포폴\player.cpp(183): warning C4244: '인수': 'LONG'에서 'float'(으)로 변환하면서 데이터가 손실될 수 있습니다.
d:\study\200115 ~ 200122 1주일 포폴\player.cpp(191): warning C4244: '인수': 'LONG'에서 'float'(으)로 변환하면서 데이터가 손실될 수 있습니다.
d:\study\200115 ~ 200122 1주일 포폴\player.cpp(195): warning C4244: '인수': 'LONG'에서 'float'(으)로 변환하면서 데이터가 손실될 수 있습니다.
d:\study\200115 ~ 200122 1주일 포폴\player.cpp(200): warning C4244: '인수': 'LONG'에서 'float'(으)로 변환하면서 데이터가 손실될 수 있습니다.
d:\study\200115 ~ 200122 1주일 포폴\player.cpp(199): warning C4244: '인수': 'LONG'에서 'float'(으)로 변환하면서 데이터가 손실될 수 있습니다.
d:\study\200115 ~ 200122 1주일 포폴\player.cpp(205): warning C4244: '인수': 'LONG'에서 'float'(으)로 변환하면서 데이터가 손실될 수 있습니다.
d:\study\200115 ~ 200122 1주일 포폴\player.cpp(204): warning C4244: '인수': 'LONG'에서 'float'(으)로 변환하면서 데이터가 손실될 수 있습니다.
d:\study\200115 ~ 200122 1주일 포폴\player.cpp(213): warning C4305: '인수': 'double'에서 'float'(으)로 잘립니다.
d:\study\200115 ~ 200122 1주일 포폴\player.cpp(213): warning C4244: '인수': 'int'에서 'float'(으)로 변환하면서 데이터가 손실될 수 있습니다.
d:\study\200115 ~ 200122 1주일 포폴\player.cpp(214): warning C4305: '인수': 'double'에서 'float'(으)로 잘립니다.
d:\study\200115 ~ 200122 1주일 포폴\player.cpp(214): warning C4244: '인수': 'int'에서 'float'(으)로 변환하면서 데이터가 손실될 수 있습니다.
d:\study\200115 ~ 200122 1주일 포폴\player.cpp(215): warning C4305: '인수': 'double'에서 'float'(으)로 잘립니다.
d:\study\200115 ~ 200122 1주일 포폴\player.cpp(215): warning C4244: '인수': 'int'에서 'float'(으)로 변환하면서 데이터가 손실될 수 있습니다.
  progressBar.cpp
d:\study\200115 ~ 200122 1주일 포폴\progressbar.cpp(14): warning C4244: '=': 'float'에서 'int'(으)로 변환하면서 데이터가 손실될 수 있습니다.
d:\study\200115 ~ 200122 1주일 포폴\progressbar.cpp(15): warning C4244: '=': 'float'에서 'int'(으)로 변환하면서 데이터가 손실될 수 있습니다.
d:\study\200115 ~ 200122 1주일 포폴\progressbar.cpp(17): warning C4244: '인수': 'float'에서 'int'(으)로 변환하면서 데이터가 손실될 수 있습니다.
d:\study\200115 ~ 200122 1주일 포폴\progressbar.cpp(53): warning C4244: '=': 'float'에서 'int'(으)로 변환하면서 데이터가 손실될 수 있습니다.
  sceneManager.cpp
  timeManager.cpp
d:\study\200115 ~ 200122 1주일 포폴\timemanager.cpp(69): warning C4267: '인수': 'size_t'에서 'int'(으)로 변환하면서 데이터가 손실될 수 있습니다.
  timer.cpp
  컴파일하고 있습니다...
  txtData.cpp
  utils.cpp
d:\study\200115 ~ 200122 1주일 포폴\utils.cpp(27): warning C4305: '-=': 'double'에서 'float'(으)로 잘립니다.
  winMain.cpp
d:\study\200115 ~ 200122 1주일 포폴\enemybase.h(33): warning C4244: 'return': 'LONG'에서 'float'(으)로 변환하면서 데이터가 손실될 수 있습니다.
d:\study\200115 ~ 200122 1주일 포폴\enemybase.h(34): warning C4244: 'return': 'LONG'에서 'float'(으)로 변환하면서 데이터가 손실될 수 있습니다.
d:\study\200115 ~ 200122 1주일 포폴\winmain.cpp(128): warning C4244: 'return': 'WPARAM'에서 'int'(으)로 변환하면서 데이터가 손실될 수 있습니다.
  yellowMinion.cpp
d:\study\200115 ~ 200122 1주일 포폴\enemybase.h(33): warning C4244: 'return': 'LONG'에서 'float'(으)로 변환하면서 데이터가 손실될 수 있습니다.
d:\study\200115 ~ 200122 1주일 포폴\enemybase.h(34): warning C4244: 'return': 'LONG'에서 'float'(으)로 변환하면서 데이터가 손실될 수 있습니다.
d:\study\200115 ~ 200122 1주일 포폴\yellowminion.cpp(30): warning C4244: '=': 'LONG'에서 'float'(으)로 변환하면서 데이터가 손실될 수 있습니다.
d:\study\200115 ~ 200122 1주일 포폴\yellowminion.cpp(31): warning C4244: '=': 'LONG'에서 'float'(으)로 변환하면서 데이터가 손실될 수 있습니다.
  코드를 생성하고 있습니다.
  1294 of 1303 functions (99.3%) were compiled, the rest were copied from previous compilation.
    18 functions were new in current compilation
    0 functions had inline decision re-evaluated but remain unchanged
  코드를 생성했습니다.
  API_FrameWork.vcxproj -> D:\study\200115 ~ 200122 1주일 포폴\x64\Release\one week portfolio.exe
